<?xml version="1.0" encoding="UTF-8"?>
<coverage generated="1772372249653" clover="3.2.0">
  <project timestamp="1772372249653" name="All files">
    <metrics statements="476" coveredstatements="421" conditionals="192" coveredconditionals="142" methods="183" coveredmethods="150" elements="851" coveredelements="713" complexity="0" loc="476" ncloc="476" packages="1" files="24" classes="24"/>
    <file name="agent.ts" path="/Users/giulioleone/Sviluppo/gauss/gauss-ts/src/sdk/agent.ts">
      <metrics statements="94" coveredstatements="81" conditionals="46" coveredconditionals="32" methods="29" coveredmethods="24"/>
      <line num="97" count="42" type="stmt"/>
      <line num="98" count="42" type="stmt"/>
      <line num="99" count="42" type="stmt"/>
      <line num="103" count="42" type="stmt"/>
      <line num="104" count="42" type="cond" truecount="3" falsecount="0"/>
      <line num="105" count="42" type="cond" truecount="3" falsecount="0"/>
      <line num="106" count="42" type="cond" truecount="2" falsecount="0"/>
      <line num="107" count="42" type="cond" truecount="2" falsecount="0"/>
      <line num="110" count="42" type="cond" truecount="2" falsecount="0"/>
      <line num="111" count="42" type="stmt"/>
      <line num="116" count="42" type="cond" truecount="1" falsecount="1"/>
      <line num="117" count="42" type="stmt"/>
      <line num="131" count="8" type="stmt"/>
      <line num="132" count="2" type="stmt"/>
      <line num="133" count="2" type="stmt"/>
      <line num="134" count="0" type="stmt"/>
      <line num="137" count="6" type="stmt"/>
      <line num="143" count="2" type="stmt"/>
      <line num="144" count="2" type="stmt"/>
      <line num="149" count="1" type="stmt"/>
      <line num="150" count="1" type="stmt"/>
      <line num="155" count="1" type="stmt"/>
      <line num="156" count="1" type="stmt"/>
      <line num="175" count="36" type="stmt"/>
      <line num="176" count="36" type="cond" truecount="2" falsecount="0"/>
      <line num="179" count="36" type="stmt"/>
      <line num="198" count="1" type="stmt"/>
      <line num="199" count="1" type="cond" truecount="1" falsecount="1"/>
      <line num="202" count="1" type="stmt"/>
      <line num="224" count="0" type="stmt"/>
      <line num="225" count="0" type="cond" truecount="0" falsecount="2"/>
      <line num="228" count="0" type="stmt"/>
      <line num="251" count="1" type="stmt"/>
      <line num="252" count="1" type="cond" truecount="1" falsecount="1"/>
      <line num="255" count="1" type="stmt"/>
      <line num="272" count="0" type="stmt"/>
      <line num="273" count="0" type="cond" truecount="0" falsecount="2"/>
      <line num="276" count="0" type="stmt"/>
      <line num="292" count="0" type="stmt"/>
      <line num="293" count="0" type="cond" truecount="0" falsecount="2"/>
      <line num="296" count="0" type="stmt"/>
      <line num="309" count="43" type="cond" truecount="2" falsecount="0"/>
      <line num="310" count="42" type="stmt"/>
      <line num="311" count="42" type="stmt"/>
      <line num="312" count="42" type="stmt"/>
      <line num="321" count="1" type="stmt"/>
      <line num="325" count="38" type="cond" truecount="2" falsecount="0"/>
      <line num="326" count="1" type="stmt"/>
      <line num="334" count="1" type="stmt"/>
      <line num="359" count="3" type="stmt"/>
      <line num="360" count="3" type="stmt"/>
      <line num="361" count="3" type="stmt"/>
      <line num="362" count="2" type="stmt"/>
      <line num="364" count="3" type="stmt"/>
      <line num="392" count="1" type="stmt"/>
      <line num="393" count="1" type="stmt"/>
      <line num="394" count="1" type="stmt"/>
      <line num="395" count="1" type="stmt"/>
      <line num="396" count="1" type="stmt"/>
      <line num="397" count="1" type="stmt"/>
      <line num="401" count="1" type="stmt"/>
      <line num="404" count="1" type="stmt"/>
      <line num="406" count="1" type="stmt"/>
      <line num="408" count="1" type="stmt"/>
      <line num="409" count="2" type="stmt"/>
      <line num="410" count="2" type="stmt"/>
      <line num="412" count="0" type="stmt"/>
      <line num="414" count="2" type="stmt"/>
      <line num="417" count="1" type="stmt"/>
      <line num="426" count="1" type="stmt"/>
      <line num="427" count="1" type="stmt"/>
      <line num="428" count="1" type="stmt"/>
      <line num="431" count="1" type="cond" truecount="2" falsecount="0"/>
      <line num="432" count="2" type="cond" truecount="1" falsecount="1"/>
      <line num="433" count="2" type="stmt"/>
      <line num="434" count="0" type="cond" truecount="0" falsecount="2"/>
      <line num="435" count="0" type="stmt"/>
      <line num="439" count="1" type="stmt"/>
      <line num="465" count="6" type="cond" truecount="3" falsecount="0"/>
      <line num="466" count="13" type="stmt"/>
      <line num="468" count="6" type="stmt"/>
      <line num="469" count="6" type="stmt"/>
      <line num="470" count="6" type="stmt"/>
      <line num="471" count="6" type="stmt"/>
      <line num="472" count="7" type="stmt"/>
      <line num="473" count="13" type="stmt"/>
      <line num="474" count="13" type="cond" truecount="1" falsecount="1"/>
      <line num="475" count="13" type="stmt"/>
      <line num="476" count="13" type="stmt"/>
      <line num="477" count="13" type="stmt"/>
      <line num="479" count="1" type="cond" truecount="1" falsecount="1"/>
      <line num="483" count="6" type="stmt"/>
      <line num="485" count="6" type="stmt"/>
      <line num="487" count="6" type="stmt"/>
    </file>
    <file name="approval.ts" path="/Users/giulioleone/Sviluppo/gauss/gauss-ts/src/sdk/approval.ts">
      <metrics statements="18" coveredstatements="15" conditionals="6" coveredconditionals="3" methods="9" coveredmethods="7"/>
      <line num="17" count="1" type="stmt"/>
      <line num="20" count="1" type="stmt"/>
      <line num="24" count="0" type="stmt"/>
      <line num="32" count="1" type="stmt"/>
      <line num="33" count="1" type="stmt"/>
      <line num="45" count="1" type="stmt"/>
      <line num="46" count="1" type="stmt"/>
      <line num="54" count="1" type="stmt"/>
      <line num="55" count="1" type="stmt"/>
      <line num="59" count="1" type="stmt"/>
      <line num="60" count="1" type="stmt"/>
      <line num="64" count="1" type="cond" truecount="1" falsecount="1"/>
      <line num="65" count="1" type="stmt"/>
      <line num="66" count="1" type="stmt"/>
      <line num="67" count="1" type="stmt"/>
      <line num="75" count="0" type="stmt"/>
      <line num="79" count="4" type="cond" truecount="1" falsecount="1"/>
      <line num="80" count="0" type="stmt"/>
    </file>
    <file name="checkpoint.ts" path="/Users/giulioleone/Sviluppo/gauss/gauss-ts/src/sdk/checkpoint.ts">
      <metrics statements="16" coveredstatements="13" conditionals="4" coveredconditionals="2" methods="8" coveredmethods="6"/>
      <line num="16" count="1" type="stmt"/>
      <line num="19" count="1" type="stmt"/>
      <line num="23" count="0" type="stmt"/>
      <line num="27" count="1" type="stmt"/>
      <line num="28" count="1" type="stmt"/>
      <line num="32" count="1" type="stmt"/>
      <line num="33" count="1" type="stmt"/>
      <line num="37" count="1" type="stmt"/>
      <line num="38" count="1" type="stmt"/>
      <line num="42" count="1" type="cond" truecount="1" falsecount="1"/>
      <line num="43" count="1" type="stmt"/>
      <line num="44" count="1" type="stmt"/>
      <line num="45" count="1" type="stmt"/>
      <line num="53" count="0" type="stmt"/>
      <line num="57" count="3" type="cond" truecount="1" falsecount="1"/>
      <line num="58" count="0" type="stmt"/>
    </file>
    <file name="config.ts" path="/Users/giulioleone/Sviluppo/gauss/gauss-ts/src/sdk/config.ts">
      <metrics statements="2" coveredstatements="2" conditionals="0" coveredconditionals="0" methods="2" coveredmethods="2"/>
      <line num="10" count="1" type="stmt"/>
      <line num="14" count="1" type="stmt"/>
    </file>
    <file name="eval.ts" path="/Users/giulioleone/Sviluppo/gauss/gauss-ts/src/sdk/eval.ts">
      <metrics statements="15" coveredstatements="13" conditionals="4" coveredconditionals="2" methods="8" coveredmethods="7"/>
      <line num="16" count="1" type="stmt"/>
      <line num="19" count="1" type="stmt"/>
      <line num="23" count="1" type="stmt"/>
      <line num="27" count="1" type="stmt"/>
      <line num="28" count="1" type="stmt"/>
      <line num="29" count="1" type="stmt"/>
      <line num="33" count="1" type="cond" truecount="1" falsecount="1"/>
      <line num="34" count="1" type="stmt"/>
      <line num="35" count="1" type="stmt"/>
      <line num="36" count="1" type="stmt"/>
      <line num="44" count="0" type="stmt"/>
      <line num="48" count="1" type="cond" truecount="1" falsecount="1"/>
      <line num="49" count="0" type="stmt"/>
      <line num="54" count="1" type="stmt"/>
      <line num="58" count="1" type="stmt"/>
    </file>
    <file name="graph.ts" path="/Users/giulioleone/Sviluppo/gauss/gauss-ts/src/sdk/graph.ts">
      <metrics statements="16" coveredstatements="14" conditionals="6" coveredconditionals="5" methods="8" coveredmethods="6"/>
      <line num="36" count="2" type="stmt"/>
      <line num="39" count="2" type="stmt"/>
      <line num="43" count="0" type="stmt"/>
      <line num="47" count="2" type="stmt"/>
      <line num="48" count="2" type="stmt"/>
      <line num="56" count="2" type="stmt"/>
      <line num="60" count="1" type="stmt"/>
      <line num="61" count="1" type="stmt"/>
      <line num="62" count="1" type="stmt"/>
      <line num="66" count="2" type="stmt"/>
      <line num="67" count="2" type="stmt"/>
      <line num="71" count="2" type="cond" truecount="1" falsecount="1"/>
      <line num="72" count="2" type="stmt"/>
      <line num="73" count="2" type="stmt"/>
      <line num="78" count="0" type="stmt"/>
      <line num="82" count="5" type="cond" truecount="2" falsecount="0"/>
    </file>
    <file name="guardrail.ts" path="/Users/giulioleone/Sviluppo/gauss/gauss-ts/src/sdk/guardrail.ts">
      <metrics statements="27" coveredstatements="24" conditionals="6" coveredconditionals="4" methods="11" coveredmethods="9"/>
      <line num="19" count="1" type="stmt"/>
      <line num="22" count="1" type="stmt"/>
      <line num="26" count="0" type="stmt"/>
      <line num="33" count="1" type="stmt"/>
      <line num="34" count="1" type="stmt"/>
      <line num="39" count="1" type="stmt"/>
      <line num="43" count="1" type="stmt"/>
      <line num="44" count="1" type="stmt"/>
      <line num="45" count="1" type="stmt"/>
      <line num="49" count="1" type="stmt"/>
      <line num="50" count="1" type="stmt"/>
      <line num="51" count="1" type="stmt"/>
      <line num="55" count="1" type="stmt"/>
      <line num="56" count="1" type="stmt"/>
      <line num="57" count="1" type="stmt"/>
      <line num="61" count="1" type="stmt"/>
      <line num="62" count="1" type="stmt"/>
      <line num="63" count="1" type="stmt"/>
      <line num="67" count="1" type="stmt"/>
      <line num="68" count="1" type="stmt"/>
      <line num="72" count="1" type="cond" truecount="1" falsecount="1"/>
      <line num="73" count="1" type="stmt"/>
      <line num="74" count="1" type="stmt"/>
      <line num="75" count="1" type="stmt"/>
      <line num="83" count="0" type="stmt"/>
      <line num="87" count="6" type="cond" truecount="1" falsecount="1"/>
      <line num="88" count="0" type="stmt"/>
    </file>
    <file name="mcp.ts" path="/Users/giulioleone/Sviluppo/gauss/gauss-ts/src/sdk/mcp.ts">
      <metrics statements="15" coveredstatements="12" conditionals="4" coveredconditionals="2" methods="7" coveredmethods="5"/>
      <line num="15" count="1" type="stmt"/>
      <line num="18" count="1" type="stmt"/>
      <line num="22" count="0" type="stmt"/>
      <line num="26" count="1" type="stmt"/>
      <line num="27" count="1" type="stmt"/>
      <line num="28" count="1" type="stmt"/>
      <line num="32" count="1" type="stmt"/>
      <line num="33" count="1" type="stmt"/>
      <line num="37" count="1" type="cond" truecount="1" falsecount="1"/>
      <line num="38" count="1" type="stmt"/>
      <line num="39" count="1" type="stmt"/>
      <line num="40" count="1" type="stmt"/>
      <line num="48" count="0" type="stmt"/>
      <line num="52" count="2" type="cond" truecount="1" falsecount="1"/>
      <line num="53" count="0" type="stmt"/>
    </file>
    <file name="memory.ts" path="/Users/giulioleone/Sviluppo/gauss/gauss-ts/src/sdk/memory.ts">
      <metrics statements="20" coveredstatements="19" conditionals="8" coveredconditionals="6" methods="9" coveredmethods="8"/>
      <line num="31" count="6" type="stmt"/>
      <line num="34" count="6" type="stmt"/>
      <line num="38" count="0" type="stmt"/>
      <line num="49" count="3" type="stmt"/>
      <line num="51" count="3" type="cond" truecount="2" falsecount="0"/>
      <line num="54" count="3" type="stmt"/>
      <line num="58" count="1" type="stmt"/>
      <line num="59" count="1" type="cond" truecount="1" falsecount="1"/>
      <line num="60" count="1" type="stmt"/>
      <line num="64" count="1" type="stmt"/>
      <line num="65" count="1" type="stmt"/>
      <line num="69" count="1" type="stmt"/>
      <line num="70" count="1" type="stmt"/>
      <line num="74" count="6" type="cond" truecount="1" falsecount="1"/>
      <line num="75" count="6" type="stmt"/>
      <line num="76" count="6" type="stmt"/>
      <line num="77" count="6" type="stmt"/>
      <line num="85" count="1" type="stmt"/>
      <line num="89" count="6" type="cond" truecount="2" falsecount="0"/>
      <line num="90" count="1" type="stmt"/>
    </file>
    <file name="middleware.ts" path="/Users/giulioleone/Sviluppo/gauss/gauss-ts/src/sdk/middleware.ts">
      <metrics statements="16" coveredstatements="14" conditionals="4" coveredconditionals="2" methods="7" coveredmethods="6"/>
      <line num="15" count="1" type="stmt"/>
      <line num="18" count="1" type="stmt"/>
      <line num="22" count="1" type="stmt"/>
      <line num="26" count="1" type="stmt"/>
      <line num="27" count="1" type="stmt"/>
      <line num="28" count="1" type="stmt"/>
      <line num="32" count="1" type="stmt"/>
      <line num="33" count="1" type="stmt"/>
      <line num="34" count="1" type="stmt"/>
      <line num="38" count="1" type="cond" truecount="1" falsecount="1"/>
      <line num="39" count="1" type="stmt"/>
      <line num="40" count="1" type="stmt"/>
      <line num="41" count="1" type="stmt"/>
      <line num="49" count="0" type="stmt"/>
      <line num="53" count="2" type="cond" truecount="1" falsecount="1"/>
      <line num="54" count="0" type="stmt"/>
    </file>
    <file name="network.ts" path="/Users/giulioleone/Sviluppo/gauss/gauss-ts/src/sdk/network.ts">
      <metrics statements="20" coveredstatements="17" conditionals="4" coveredconditionals="2" methods="9" coveredmethods="7"/>
      <line num="18" count="1" type="stmt"/>
      <line num="21" count="1" type="stmt"/>
      <line num="25" count="0" type="stmt"/>
      <line num="29" count="2" type="stmt"/>
      <line num="30" count="2" type="stmt"/>
      <line num="36" count="2" type="stmt"/>
      <line num="40" count="1" type="stmt"/>
      <line num="41" count="1" type="stmt"/>
      <line num="42" count="1" type="stmt"/>
      <line num="50" count="1" type="stmt"/>
      <line num="51" count="1" type="stmt"/>
      <line num="55" count="1" type="stmt"/>
      <line num="56" count="1" type="stmt"/>
      <line num="60" count="1" type="cond" truecount="1" falsecount="1"/>
      <line num="61" count="1" type="stmt"/>
      <line num="62" count="1" type="stmt"/>
      <line num="63" count="1" type="stmt"/>
      <line num="71" count="0" type="stmt"/>
      <line num="75" count="5" type="cond" truecount="1" falsecount="1"/>
      <line num="76" count="0" type="stmt"/>
    </file>
    <file name="pipeline.ts" path="/Users/giulioleone/Sviluppo/gauss/gauss-ts/src/sdk/pipeline.ts">
      <metrics statements="28" coveredstatements="28" conditionals="4" coveredconditionals="3" methods="10" coveredmethods="10"/>
      <line num="38" count="106" type="stmt"/>
      <line num="39" count="106" type="stmt"/>
      <line num="40" count="9" type="stmt"/>
      <line num="42" count="105" type="stmt"/>
      <line num="62" count="210" type="cond" truecount="2" falsecount="0"/>
      <line num="63" count="210" type="stmt"/>
      <line num="64" count="889" type="stmt"/>
      <line num="66" count="210" type="stmt"/>
      <line num="67" count="885" type="stmt"/>
      <line num="68" count="889" type="stmt"/>
      <line num="69" count="889" type="cond" truecount="1" falsecount="1"/>
      <line num="70" count="889" type="stmt"/>
      <line num="74" count="210" type="stmt"/>
      <line num="75" count="209" type="stmt"/>
      <line num="92" count="103" type="stmt"/>
      <line num="93" count="419" type="stmt"/>
      <line num="114" count="103" type="stmt"/>
      <line num="115" count="103" type="stmt"/>
      <line num="116" count="438" type="stmt"/>
      <line num="118" count="103" type="stmt"/>
      <line num="132" count="2" type="stmt"/>
      <line num="133" count="3" type="stmt"/>
      <line num="135" count="2" type="stmt"/>
      <line num="152" count="103" type="stmt"/>
      <line num="153" count="103" type="stmt"/>
      <line num="154" count="103" type="stmt"/>
      <line num="155" count="203" type="stmt"/>
      <line num="157" count="103" type="stmt"/>
    </file>
    <file name="plugin.ts" path="/Users/giulioleone/Sviluppo/gauss/gauss-ts/src/sdk/plugin.ts">
      <metrics statements="20" coveredstatements="17" conditionals="4" coveredconditionals="2" methods="9" coveredmethods="7"/>
      <line num="17" count="1" type="stmt"/>
      <line num="20" count="1" type="stmt"/>
      <line num="24" count="0" type="stmt"/>
      <line num="28" count="1" type="stmt"/>
      <line num="29" count="1" type="stmt"/>
      <line num="30" count="1" type="stmt"/>
      <line num="34" count="1" type="stmt"/>
      <line num="35" count="1" type="stmt"/>
      <line num="36" count="1" type="stmt"/>
      <line num="40" count="1" type="stmt"/>
      <line num="41" count="1" type="stmt"/>
      <line num="45" count="1" type="stmt"/>
      <line num="46" count="1" type="stmt"/>
      <line num="50" count="1" type="cond" truecount="1" falsecount="1"/>
      <line num="51" count="1" type="stmt"/>
      <line num="52" count="1" type="stmt"/>
      <line num="53" count="1" type="stmt"/>
      <line num="61" count="0" type="stmt"/>
      <line num="65" count="4" type="cond" truecount="1" falsecount="1"/>
      <line num="66" count="0" type="stmt"/>
    </file>
    <file name="resilience.ts" path="/Users/giulioleone/Sviluppo/gauss/gauss-ts/src/sdk/resilience.ts">
      <metrics statements="5" coveredstatements="3" conditionals="1" coveredconditionals="0" methods="5" coveredmethods="3"/>
      <line num="20" count="1" type="stmt"/>
      <line num="32" count="1" type="stmt"/>
      <line num="48" count="1" type="stmt"/>
      <line num="63" count="0" type="stmt"/>
      <line num="65" count="0" type="stmt"/>
    </file>
    <file name="retry.ts" path="/Users/giulioleone/Sviluppo/gauss/gauss-ts/src/sdk/retry.ts">
      <metrics statements="29" coveredstatements="29" conditionals="21" coveredconditionals="21" methods="7" coveredmethods="7"/>
      <line num="43" count="22" type="cond" truecount="3" falsecount="0"/>
      <line num="45" count="5" type="stmt"/>
      <line num="46" count="5" type="stmt"/>
      <line num="48" count="3" type="stmt"/>
      <line num="49" count="3" type="stmt"/>
      <line num="51" count="14" type="stmt"/>
      <line num="52" count="14" type="stmt"/>
      <line num="55" count="22" type="stmt"/>
      <line num="56" count="22" type="stmt"/>
      <line num="57" count="22" type="stmt"/>
      <line num="61" count="22" type="stmt"/>
      <line num="78" count="65" type="cond" truecount="2" falsecount="0"/>
      <line num="79" count="65" type="cond" truecount="2" falsecount="0"/>
      <line num="80" count="65" type="cond" truecount="2" falsecount="0"/>
      <line num="81" count="65" type="cond" truecount="2" falsecount="0"/>
      <line num="82" count="65" type="cond" truecount="2" falsecount="0"/>
      <line num="83" count="65" type="stmt"/>
      <line num="84" count="65" type="stmt"/>
      <line num="88" count="65" type="stmt"/>
      <line num="89" count="86" type="stmt"/>
      <line num="90" count="86" type="stmt"/>
      <line num="92" count="30" type="cond" truecount="2" falsecount="0"/>
      <line num="94" count="30" type="cond" truecount="2" falsecount="0"/>
      <line num="96" count="24" type="cond" truecount="4" falsecount="0"/>
      <line num="98" count="22" type="stmt"/>
      <line num="99" count="22" type="stmt"/>
      <line num="100" count="30" type="stmt"/>
      <line num="104" count="8" type="stmt"/>
      <line num="121" count="1" type="stmt"/>
    </file>
    <file name="stream.ts" path="/Users/giulioleone/Sviluppo/gauss/gauss-ts/src/sdk/stream.ts">
      <metrics statements="1" coveredstatements="1" conditionals="0" coveredconditionals="0" methods="1" coveredmethods="1"/>
      <line num="7" count="1" type="stmt"/>
    </file>
    <file name="structured.ts" path="/Users/giulioleone/Sviluppo/gauss/gauss-ts/src/sdk/structured.ts">
      <metrics statements="41" coveredstatements="40" conditionals="38" coveredconditionals="35" methods="3" coveredmethods="3"/>
      <line num="48" count="13" type="stmt"/>
      <line num="49" count="13" type="stmt"/>
      <line num="54" count="15" type="stmt"/>
      <line num="55" count="15" type="cond" truecount="2" falsecount="0"/>
      <line num="58" count="14" type="stmt"/>
      <line num="59" count="14" type="stmt"/>
      <line num="61" count="14" type="cond" truecount="4" falsecount="0"/>
      <line num="63" count="10" type="cond" truecount="2" falsecount="0"/>
      <line num="67" count="15" type="stmt"/>
      <line num="68" count="15" type="cond" truecount="2" falsecount="0"/>
      <line num="71" count="15" type="stmt"/>
      <line num="72" count="15" type="stmt"/>
      <line num="73" count="15" type="stmt"/>
      <line num="75" count="15" type="stmt"/>
      <line num="76" count="237" type="stmt"/>
      <line num="78" count="237" type="cond" truecount="2" falsecount="0"/>
      <line num="79" count="4" type="stmt"/>
      <line num="80" count="4" type="stmt"/>
      <line num="82" count="233" type="cond" truecount="2" falsecount="0"/>
      <line num="83" count="4" type="stmt"/>
      <line num="84" count="4" type="stmt"/>
      <line num="86" count="229" type="cond" truecount="2" falsecount="0"/>
      <line num="87" count="48" type="stmt"/>
      <line num="88" count="48" type="stmt"/>
      <line num="90" count="181" type="cond" truecount="2" falsecount="0"/>
      <line num="92" count="64" type="cond" truecount="2" falsecount="0"/>
      <line num="93" count="64" type="cond" truecount="2" falsecount="0"/>
      <line num="94" count="13" type="stmt"/>
      <line num="95" count="13" type="cond" truecount="2" falsecount="0"/>
      <line num="99" count="0" type="stmt"/>
      <line num="125" count="13" type="cond" truecount="2" falsecount="0"/>
      <line num="126" count="13" type="cond" truecount="1" falsecount="1"/>
      <line num="132" count="13" type="stmt"/>
      <line num="133" count="15" type="cond" truecount="2" falsecount="0"/>
      <line num="139" count="15" type="stmt"/>
      <line num="141" count="15" type="stmt"/>
      <line num="142" count="15" type="stmt"/>
      <line num="143" count="15" type="stmt"/>
      <line num="144" count="15" type="stmt"/>
      <line num="149" count="4" type="cond" truecount="1" falsecount="1"/>
      <line num="153" count="2" type="stmt"/>
    </file>
    <file name="telemetry.ts" path="/Users/giulioleone/Sviluppo/gauss/gauss-ts/src/sdk/telemetry.ts">
      <metrics statements="18" coveredstatements="13" conditionals="4" coveredconditionals="2" methods="9" coveredmethods="6"/>
      <line num="17" count="1" type="stmt"/>
      <line num="20" count="1" type="stmt"/>
      <line num="24" count="0" type="stmt"/>
      <line num="28" count="1" type="stmt"/>
      <line num="29" count="1" type="stmt"/>
      <line num="33" count="1" type="stmt"/>
      <line num="34" count="1" type="stmt"/>
      <line num="38" count="0" type="stmt"/>
      <line num="39" count="0" type="stmt"/>
      <line num="43" count="1" type="stmt"/>
      <line num="44" count="1" type="stmt"/>
      <line num="48" count="1" type="cond" truecount="1" falsecount="1"/>
      <line num="49" count="1" type="stmt"/>
      <line num="50" count="1" type="stmt"/>
      <line num="51" count="1" type="stmt"/>
      <line num="59" count="0" type="stmt"/>
      <line num="63" count="3" type="cond" truecount="1" falsecount="1"/>
      <line num="64" count="0" type="stmt"/>
    </file>
    <file name="template.ts" path="/Users/giulioleone/Sviluppo/gauss/gauss-ts/src/sdk/template.ts">
      <metrics statements="17" coveredstatements="17" conditionals="2" coveredconditionals="2" methods="4" coveredmethods="4"/>
      <line num="41" count="2" type="stmt"/>
      <line num="52" count="225" type="stmt"/>
      <line num="53" count="817" type="stmt"/>
      <line num="56" count="225" type="stmt"/>
      <line num="57" count="117" type="stmt"/>
      <line num="58" count="322" type="stmt"/>
      <line num="59" count="322" type="cond" truecount="2" falsecount="0"/>
      <line num="60" count="1" type="stmt"/>
      <line num="62" count="321" type="stmt"/>
      <line num="66" count="225" type="stmt"/>
      <line num="67" count="225" type="stmt"/>
      <line num="69" count="225" type="stmt"/>
      <line num="75" count="2" type="stmt"/>
      <line num="80" count="2" type="stmt"/>
      <line num="85" count="2" type="stmt"/>
      <line num="90" count="2" type="stmt"/>
      <line num="95" count="2" type="stmt"/>
    </file>
    <file name="tokens.ts" path="/Users/giulioleone/Sviluppo/gauss/gauss-ts/src/sdk/tokens.ts">
      <metrics statements="4" coveredstatements="4" conditionals="0" coveredconditionals="0" methods="4" coveredmethods="4"/>
      <line num="14" count="1" type="stmt"/>
      <line num="18" count="1" type="stmt"/>
      <line num="22" count="1" type="stmt"/>
      <line num="26" count="1" type="stmt"/>
    </file>
    <file name="tool-validator.ts" path="/Users/giulioleone/Sviluppo/gauss/gauss-ts/src/sdk/tool-validator.ts">
      <metrics statements="12" coveredstatements="9" conditionals="4" coveredconditionals="2" methods="6" coveredmethods="4"/>
      <line num="14" count="1" type="stmt"/>
      <line num="17" count="1" type="stmt"/>
      <line num="21" count="0" type="stmt"/>
      <line num="28" count="1" type="stmt"/>
      <line num="29" count="1" type="stmt"/>
      <line num="39" count="1" type="cond" truecount="1" falsecount="1"/>
      <line num="40" count="1" type="stmt"/>
      <line num="41" count="1" type="stmt"/>
      <line num="42" count="1" type="stmt"/>
      <line num="50" count="0" type="stmt"/>
      <line num="54" count="1" type="cond" truecount="1" falsecount="1"/>
      <line num="55" count="0" type="stmt"/>
    </file>
    <file name="types.ts" path="/Users/giulioleone/Sviluppo/gauss/gauss-ts/src/sdk/types.ts">
      <metrics statements="9" coveredstatements="9" conditionals="12" coveredconditionals="9" methods="2" coveredmethods="2"/>
      <line num="137" count="4" type="stmt"/>
      <line num="148" count="9" type="cond" truecount="1" falsecount="1"/>
      <line num="149" count="9" type="cond" truecount="1" falsecount="1"/>
      <line num="150" count="9" type="cond" truecount="3" falsecount="1"/>
      <line num="155" count="42" type="stmt"/>
      <line num="162" count="42" type="stmt"/>
      <line num="163" count="206" type="cond" truecount="4" falsecount="0"/>
      <line num="164" count="1" type="stmt"/>
      <line num="167" count="41" type="stmt"/>
    </file>
    <file name="vector-store.ts" path="/Users/giulioleone/Sviluppo/gauss/gauss-ts/src/sdk/vector-store.ts">
      <metrics statements="15" coveredstatements="12" conditionals="4" coveredconditionals="2" methods="8" coveredmethods="6"/>
      <line num="21" count="1" type="stmt"/>
      <line num="24" count="1" type="stmt"/>
      <line num="28" count="0" type="stmt"/>
      <line num="32" count="1" type="stmt"/>
      <line num="33" count="1" type="stmt"/>
      <line num="37" count="1" type="stmt"/>
      <line num="38" count="1" type="stmt"/>
      <line num="46" count="1" type="cond" truecount="1" falsecount="1"/>
      <line num="47" count="1" type="stmt"/>
      <line num="48" count="1" type="stmt"/>
      <line num="49" count="1" type="stmt"/>
      <line num="57" count="0" type="stmt"/>
      <line num="61" count="2" type="cond" truecount="1" falsecount="1"/>
      <line num="62" count="0" type="stmt"/>
      <line num="67" count="1" type="stmt"/>
    </file>
    <file name="workflow.ts" path="/Users/giulioleone/Sviluppo/gauss/gauss-ts/src/sdk/workflow.ts">
      <metrics statements="18" coveredstatements="15" conditionals="6" coveredconditionals="4" methods="8" coveredmethods="6"/>
      <line num="24" count="1" type="stmt"/>
      <line num="27" count="1" type="stmt"/>
      <line num="31" count="0" type="stmt"/>
      <line num="35" count="2" type="stmt"/>
      <line num="36" count="2" type="stmt"/>
      <line num="44" count="2" type="stmt"/>
      <line num="48" count="1" type="stmt"/>
      <line num="49" count="1" type="stmt"/>
      <line num="50" count="1" type="stmt"/>
      <line num="54" count="1" type="stmt"/>
      <line num="55" count="1" type="stmt"/>
      <line num="61" count="1" type="cond" truecount="1" falsecount="1"/>
      <line num="62" count="1" type="stmt"/>
      <line num="63" count="1" type="stmt"/>
      <line num="64" count="1" type="stmt"/>
      <line num="72" count="0" type="stmt"/>
      <line num="76" count="4" type="cond" truecount="1" falsecount="1"/>
      <line num="77" count="0" type="stmt"/>
    </file>
  </project>
</coverage>
