{"/Users/giulioleone/Sviluppo/gauss/gauss-ts/src/sdk/agent.ts": {"path":"/Users/giulioleone/Sviluppo/gauss/gauss-ts/src/sdk/agent.ts","statementMap":{"0":{"start":{"line":97,"column":30},"end":{"line":97,"column":null}},"1":{"start":{"line":98,"column":35},"end":{"line":98,"column":null}},"2":{"start":{"line":99,"column":21},"end":{"line":99,"column":null}},"3":{"start":{"line":103,"column":10},"end":{"line":103,"column":null}},"4":{"start":{"line":104,"column":4},"end":{"line":104,"column":null}},"5":{"start":{"line":105,"column":4},"end":{"line":105,"column":null}},"6":{"start":{"line":106,"column":4},"end":{"line":106,"column":null}},"7":{"start":{"line":107,"column":4},"end":{"line":107,"column":null}},"8":{"start":{"line":110,"column":6},"end":{"line":110,"column":null}},"9":{"start":{"line":111,"column":4},"end":{"line":114,"column":null}},"10":{"start":{"line":116,"column":4},"end":{"line":116,"column":null}},"11":{"start":{"line":116,"column":22},"end":{"line":116,"column":null}},"12":{"start":{"line":117,"column":4},"end":{"line":126,"column":null}},"13":{"start":{"line":131,"column":23},"end":{"line":131,"column":42}},"14":{"start":{"line":132,"column":33},"end":{"line":132,"column":56}},"15":{"start":{"line":133,"column":24},"end":{"line":133,"column":44}},"16":{"start":{"line":134,"column":31},"end":{"line":134,"column":58}},"17":{"start":{"line":137,"column":25},"end":{"line":137,"column":53}},"18":{"start":{"line":143,"column":4},"end":{"line":143,"column":null}},"19":{"start":{"line":144,"column":4},"end":{"line":144,"column":null}},"20":{"start":{"line":149,"column":4},"end":{"line":149,"column":null}},"21":{"start":{"line":150,"column":4},"end":{"line":150,"column":null}},"22":{"start":{"line":155,"column":4},"end":{"line":155,"column":null}},"23":{"start":{"line":156,"column":4},"end":{"line":156,"column":null}},"24":{"start":{"line":175,"column":4},"end":{"line":175,"column":null}},"25":{"start":{"line":176,"column":21},"end":{"line":178,"column":null}},"26":{"start":{"line":179,"column":4},"end":{"line":185,"column":null}},"27":{"start":{"line":198,"column":4},"end":{"line":198,"column":null}},"28":{"start":{"line":199,"column":21},"end":{"line":201,"column":null}},"29":{"start":{"line":202,"column":4},"end":{"line":209,"column":null}},"30":{"start":{"line":224,"column":4},"end":{"line":224,"column":null}},"31":{"start":{"line":225,"column":21},"end":{"line":227,"column":null}},"32":{"start":{"line":228,"column":4},"end":{"line":236,"column":null}},"33":{"start":{"line":251,"column":4},"end":{"line":251,"column":null}},"34":{"start":{"line":252,"column":21},"end":{"line":254,"column":null}},"35":{"start":{"line":255,"column":4},"end":{"line":262,"column":null}},"36":{"start":{"line":272,"column":4},"end":{"line":272,"column":null}},"37":{"start":{"line":273,"column":21},"end":{"line":275,"column":null}},"38":{"start":{"line":276,"column":4},"end":{"line":281,"column":null}},"39":{"start":{"line":292,"column":4},"end":{"line":292,"column":null}},"40":{"start":{"line":293,"column":21},"end":{"line":295,"column":null}},"41":{"start":{"line":296,"column":4},"end":{"line":302,"column":null}},"42":{"start":{"line":309,"column":4},"end":{"line":316,"column":null}},"43":{"start":{"line":310,"column":6},"end":{"line":310,"column":null}},"44":{"start":{"line":311,"column":6},"end":{"line":315,"column":null}},"45":{"start":{"line":312,"column":8},"end":{"line":312,"column":null}},"46":{"start":{"line":321,"column":4},"end":{"line":321,"column":null}},"47":{"start":{"line":325,"column":4},"end":{"line":327,"column":null}},"48":{"start":{"line":326,"column":6},"end":{"line":326,"column":null}},"49":{"start":{"line":334,"column":4},"end":{"line":334,"column":null}},"50":{"start":{"line":359,"column":16},"end":{"line":359,"column":null}},"51":{"start":{"line":360,"column":2},"end":{"line":365,"column":null}},"52":{"start":{"line":361,"column":19},"end":{"line":361,"column":null}},"53":{"start":{"line":362,"column":4},"end":{"line":362,"column":null}},"54":{"start":{"line":364,"column":4},"end":{"line":364,"column":null}},"55":{"start":{"line":392,"column":21},"end":{"line":392,"column":null}},"56":{"start":{"line":393,"column":21},"end":{"line":393,"column":null}},"57":{"start":{"line":394,"column":21},"end":{"line":394,"column":null}},"58":{"start":{"line":395,"column":21},"end":{"line":395,"column":null}},"59":{"start":{"line":396,"column":21},"end":{"line":396,"column":null}},"60":{"start":{"line":397,"column":21},"end":{"line":397,"column":null}},"61":{"start":{"line":401,"column":42},"end":{"line":401,"column":63}},"62":{"start":{"line":404,"column":34},"end":{"line":404,"column":null}},"63":{"start":{"line":406,"column":15},"end":{"line":406,"column":null}},"64":{"start":{"line":408,"column":20},"end":{"line":415,"column":null}},"65":{"start":{"line":409,"column":6},"end":{"line":413,"column":null}},"66":{"start":{"line":410,"column":8},"end":{"line":410,"column":null}},"67":{"start":{"line":412,"column":8},"end":{"line":412,"column":null}},"68":{"start":{"line":414,"column":6},"end":{"line":414,"column":null}},"69":{"start":{"line":417,"column":10},"end":{"line":429,"column":null}},"70":{"start":{"line":426,"column":6},"end":{"line":426,"column":null}},"71":{"start":{"line":427,"column":6},"end":{"line":427,"column":null}},"72":{"start":{"line":428,"column":6},"end":{"line":428,"column":null}},"73":{"start":{"line":431,"column":4},"end":{"line":437,"column":null}},"74":{"start":{"line":432,"column":6},"end":{"line":436,"column":null}},"75":{"start":{"line":433,"column":8},"end":{"line":433,"column":null}},"76":{"start":{"line":434,"column":6},"end":{"line":436,"column":null}},"77":{"start":{"line":435,"column":8},"end":{"line":435,"column":null}},"78":{"start":{"line":435,"column":41},"end":{"line":435,"column":54}},"79":{"start":{"line":439,"column":4},"end":{"line":439,"column":null}},"80":{"start":{"line":465,"column":46},"end":{"line":465,"column":null}},"81":{"start":{"line":466,"column":29},"end":{"line":466,"column":null}},"82":{"start":{"line":466,"column":53},"end":{"line":466,"column":63}},"83":{"start":{"line":468,"column":16},"end":{"line":468,"column":null}},"84":{"start":{"line":469,"column":2},"end":{"line":486,"column":null}},"85":{"start":{"line":470,"column":18},"end":{"line":470,"column":null}},"86":{"start":{"line":471,"column":20},"end":{"line":482,"column":null}},"87":{"start":{"line":472,"column":6},"end":{"line":481,"column":null}},"88":{"start":{"line":473,"column":22},"end":{"line":473,"column":null}},"89":{"start":{"line":474,"column":8},"end":{"line":474,"column":null}},"90":{"start":{"line":474,"column":20},"end":{"line":474,"column":null}},"91":{"start":{"line":475,"column":28},"end":{"line":475,"column":null}},"92":{"start":{"line":476,"column":8},"end":{"line":480,"column":null}},"93":{"start":{"line":477,"column":10},"end":{"line":477,"column":null}},"94":{"start":{"line":479,"column":10},"end":{"line":479,"column":null}},"95":{"start":{"line":483,"column":4},"end":{"line":483,"column":null}},"96":{"start":{"line":485,"column":4},"end":{"line":485,"column":null}},"97":{"start":{"line":487,"column":2},"end":{"line":487,"column":null}}},"fnMap":{"0":{"name":"(anonymous_0)","decl":{"start":{"line":101,"column":2},"end":{"line":101,"column":14}},"loc":{"start":{"line":101,"column":40},"end":{"line":127,"column":null}},"line":101},"1":{"name":"(anonymous_1)","decl":{"start":{"line":131,"column":6},"end":{"line":131,"column":21}},"loc":{"start":{"line":131,"column":21},"end":{"line":131,"column":null}},"line":131},"2":{"name":"(anonymous_2)","decl":{"start":{"line":132,"column":6},"end":{"line":132,"column":31}},"loc":{"start":{"line":132,"column":31},"end":{"line":132,"column":null}},"line":132},"3":{"name":"(anonymous_3)","decl":{"start":{"line":133,"column":6},"end":{"line":133,"column":22}},"loc":{"start":{"line":133,"column":22},"end":{"line":133,"column":null}},"line":133},"4":{"name":"(anonymous_4)","decl":{"start":{"line":134,"column":6},"end":{"line":134,"column":29}},"loc":{"start":{"line":134,"column":29},"end":{"line":134,"column":null}},"line":134},"5":{"name":"(anonymous_5)","decl":{"start":{"line":137,"column":6},"end":{"line":137,"column":23}},"loc":{"start":{"line":137,"column":23},"end":{"line":137,"column":null}},"line":137},"6":{"name":"(anonymous_6)","decl":{"start":{"line":142,"column":2},"end":{"line":142,"column":10}},"loc":{"start":{"line":142,"column":31},"end":{"line":145,"column":null}},"line":142},"7":{"name":"(anonymous_7)","decl":{"start":{"line":148,"column":2},"end":{"line":148,"column":11}},"loc":{"start":{"line":148,"column":35},"end":{"line":151,"column":null}},"line":148},"8":{"name":"(anonymous_8)","decl":{"start":{"line":154,"column":2},"end":{"line":154,"column":13}},"loc":{"start":{"line":154,"column":51},"end":{"line":157,"column":null}},"line":154},"9":{"name":"(anonymous_9)","decl":{"start":{"line":174,"column":8},"end":{"line":174,"column":12}},"loc":{"start":{"line":174,"column":61},"end":{"line":186,"column":null}},"line":174},"10":{"name":"(anonymous_10)","decl":{"start":{"line":194,"column":8},"end":{"line":194,"column":null}},"loc":{"start":{"line":197,"column":26},"end":{"line":210,"column":null}},"line":197},"11":{"name":"(anonymous_11)","decl":{"start":{"line":219,"column":8},"end":{"line":219,"column":null}},"loc":{"start":{"line":223,"column":26},"end":{"line":237,"column":null}},"line":223},"12":{"name":"(anonymous_12)","decl":{"start":{"line":247,"column":2},"end":{"line":247,"column":null}},"loc":{"start":{"line":250,"column":17},"end":{"line":263,"column":null}},"line":250},"13":{"name":"(anonymous_13)","decl":{"start":{"line":268,"column":8},"end":{"line":268,"column":null}},"loc":{"start":{"line":271,"column":22},"end":{"line":282,"column":null}},"line":271},"14":{"name":"(anonymous_14)","decl":{"start":{"line":287,"column":8},"end":{"line":287,"column":null}},"loc":{"start":{"line":291,"column":22},"end":{"line":303,"column":null}},"line":291},"15":{"name":"(anonymous_15)","decl":{"start":{"line":308,"column":2},"end":{"line":308,"column":18}},"loc":{"start":{"line":308,"column":18},"end":{"line":317,"column":null}},"line":308},"16":{"name":"(anonymous_16)","decl":{"start":{"line":320,"column":3},"end":{"line":320,"column":17}},"loc":{"start":{"line":320,"column":27},"end":{"line":322,"column":null}},"line":320},"17":{"name":"(anonymous_17)","decl":{"start":{"line":324,"column":10},"end":{"line":324,"column":36}},"loc":{"start":{"line":324,"column":36},"end":{"line":328,"column":null}},"line":324},"18":{"name":"(anonymous_18)","decl":{"start":{"line":333,"column":9},"end":{"line":333,"column":27}},"loc":{"start":{"line":333,"column":27},"end":{"line":335,"column":null}},"line":333},"19":{"name":"gauss","decl":{"start":{"line":355,"column":22},"end":{"line":355,"column":null}},"loc":{"start":{"line":358,"column":19},"end":{"line":366,"column":null}},"line":358},"20":{"name":"(anonymous_20)","decl":{"start":{"line":391,"column":2},"end":{"line":391,"column":null}},"loc":{"start":{"line":398,"column":4},"end":{"line":398,"column":null}},"line":398},"21":{"name":"(anonymous_21)","decl":{"start":{"line":401,"column":6},"end":{"line":401,"column":40}},"loc":{"start":{"line":401,"column":40},"end":{"line":401,"column":null}},"line":401},"22":{"name":"(anonymous_22)","decl":{"start":{"line":403,"column":10},"end":{"line":403,"column":30}},"loc":{"start":{"line":403,"column":62},"end":{"line":440,"column":null}},"line":403},"23":{"name":"(anonymous_23)","decl":{"start":{"line":408,"column":20},"end":{"line":408,"column":21}},"loc":{"start":{"line":408,"column":38},"end":{"line":415,"column":null}},"line":408},"24":{"name":"(anonymous_24)","decl":{"start":{"line":425,"column":11},"end":{"line":425,"column":12}},"loc":{"start":{"line":425,"column":18},"end":{"line":429,"column":5}},"line":425},"25":{"name":"(anonymous_25)","decl":{"start":{"line":435,"column":32},"end":{"line":435,"column":33}},"loc":{"start":{"line":435,"column":39},"end":{"line":435,"column":55}},"line":435},"26":{"name":"batch","decl":{"start":{"line":461,"column":22},"end":{"line":461,"column":null}},"loc":{"start":{"line":464,"column":24},"end":{"line":488,"column":null}},"line":464},"27":{"name":"(anonymous_27)","decl":{"start":{"line":466,"column":41},"end":{"line":466,"column":42}},"loc":{"start":{"line":466,"column":53},"end":{"line":466,"column":63}},"line":466},"28":{"name":"(anonymous_28)","decl":{"start":{"line":471,"column":80},"end":{"line":471,"column":92}},"loc":{"start":{"line":471,"column":92},"end":{"line":482,"column":5}},"line":471}},"branchMap":{"0":{"loc":{"start":{"line":101,"column":14},"end":{"line":101,"column":40}},"type":"default-arg","locations":[{"start":{"line":101,"column":36},"end":{"line":101,"column":40}}],"line":101},"1":{"loc":{"start":{"line":104,"column":21},"end":{"line":104,"column":null}},"type":"binary-expr","locations":[{"start":{"line":104,"column":21},"end":{"line":104,"column":40}},{"start":{"line":104,"column":40},"end":{"line":104,"column":62}},{"start":{"line":104,"column":62},"end":{"line":104,"column":null}}],"line":104},"2":{"loc":{"start":{"line":105,"column":18},"end":{"line":105,"column":null}},"type":"binary-expr","locations":[{"start":{"line":105,"column":18},"end":{"line":105,"column":34}},{"start":{"line":105,"column":34},"end":{"line":105,"column":53}},{"start":{"line":105,"column":53},"end":{"line":105,"column":null}}],"line":105},"3":{"loc":{"start":{"line":106,"column":17},"end":{"line":106,"column":null}},"type":"binary-expr","locations":[{"start":{"line":106,"column":17},"end":{"line":106,"column":32}},{"start":{"line":106,"column":32},"end":{"line":106,"column":null}}],"line":106},"4":{"loc":{"start":{"line":107,"column":25},"end":{"line":107,"column":null}},"type":"binary-expr","locations":[{"start":{"line":107,"column":25},"end":{"line":107,"column":48}},{"start":{"line":107,"column":48},"end":{"line":107,"column":null}}],"line":107},"5":{"loc":{"start":{"line":110,"column":6},"end":{"line":110,"column":null}},"type":"binary-expr","locations":[{"start":{"line":110,"column":6},"end":{"line":110,"column":40}},{"start":{"line":110,"column":30},"end":{"line":110,"column":null}}],"line":110},"6":{"loc":{"start":{"line":116,"column":4},"end":{"line":116,"column":null}},"type":"if","locations":[{"start":{"line":116,"column":4},"end":{"line":116,"column":null}},{"start":{},"end":{}}],"line":116},"7":{"loc":{"start":{"line":118,"column":20},"end":{"line":118,"column":null}},"type":"binary-expr","locations":[{"start":{"line":118,"column":20},"end":{"line":118,"column":42}},{"start":{"line":118,"column":42},"end":{"line":118,"column":null}}],"line":118},"8":{"loc":{"start":{"line":176,"column":21},"end":{"line":178,"column":null}},"type":"cond-expr","locations":[{"start":{"line":177,"column":8},"end":{"line":177,"column":null}},{"start":{"line":178,"column":8},"end":{"line":178,"column":null}}],"line":176},"9":{"loc":{"start":{"line":199,"column":21},"end":{"line":201,"column":null}},"type":"cond-expr","locations":[{"start":{"line":200,"column":8},"end":{"line":200,"column":null}},{"start":{"line":201,"column":8},"end":{"line":201,"column":null}}],"line":199},"10":{"loc":{"start":{"line":225,"column":21},"end":{"line":227,"column":null}},"type":"cond-expr","locations":[{"start":{"line":226,"column":8},"end":{"line":226,"column":null}},{"start":{"line":227,"column":8},"end":{"line":227,"column":null}}],"line":225},"11":{"loc":{"start":{"line":252,"column":21},"end":{"line":254,"column":null}},"type":"cond-expr","locations":[{"start":{"line":253,"column":8},"end":{"line":253,"column":null}},{"start":{"line":254,"column":8},"end":{"line":254,"column":null}}],"line":252},"12":{"loc":{"start":{"line":273,"column":21},"end":{"line":275,"column":null}},"type":"cond-expr","locations":[{"start":{"line":274,"column":8},"end":{"line":274,"column":null}},{"start":{"line":275,"column":8},"end":{"line":275,"column":null}}],"line":273},"13":{"loc":{"start":{"line":293,"column":21},"end":{"line":295,"column":null}},"type":"cond-expr","locations":[{"start":{"line":294,"column":8},"end":{"line":294,"column":null}},{"start":{"line":295,"column":8},"end":{"line":295,"column":null}}],"line":293},"14":{"loc":{"start":{"line":309,"column":4},"end":{"line":316,"column":null}},"type":"if","locations":[{"start":{"line":309,"column":4},"end":{"line":316,"column":null}},{"start":{},"end":{}}],"line":309},"15":{"loc":{"start":{"line":325,"column":4},"end":{"line":327,"column":null}},"type":"if","locations":[{"start":{"line":325,"column":4},"end":{"line":327,"column":null}},{"start":{},"end":{}}],"line":325},"16":{"loc":{"start":{"line":431,"column":11},"end":{"line":431,"column":39}},"type":"binary-expr","locations":[{"start":{"line":431,"column":11},"end":{"line":431,"column":20}},{"start":{"line":431,"column":20},"end":{"line":431,"column":39}}],"line":431},"17":{"loc":{"start":{"line":432,"column":6},"end":{"line":436,"column":null}},"type":"if","locations":[{"start":{"line":432,"column":6},"end":{"line":436,"column":null}},{"start":{"line":434,"column":6},"end":{"line":436,"column":null}}],"line":432},"18":{"loc":{"start":{"line":434,"column":6},"end":{"line":436,"column":null}},"type":"if","locations":[{"start":{"line":434,"column":6},"end":{"line":436,"column":null}},{"start":{},"end":{}}],"line":434},"19":{"loc":{"start":{"line":465,"column":10},"end":{"line":465,"column":27}},"type":"default-arg","locations":[{"start":{"line":465,"column":24},"end":{"line":465,"column":27}}],"line":465},"20":{"loc":{"start":{"line":465,"column":46},"end":{"line":465,"column":null}},"type":"binary-expr","locations":[{"start":{"line":465,"column":46},"end":{"line":465,"column":56}},{"start":{"line":465,"column":56},"end":{"line":465,"column":null}}],"line":465},"21":{"loc":{"start":{"line":474,"column":8},"end":{"line":474,"column":null}},"type":"if","locations":[{"start":{"line":474,"column":8},"end":{"line":474,"column":null}},{"start":{},"end":{}}],"line":474},"22":{"loc":{"start":{"line":479,"column":29},"end":{"line":479,"column":null}},"type":"cond-expr","locations":[{"start":{"line":479,"column":52},"end":{"line":479,"column":58}},{"start":{"line":479,"column":58},"end":{"line":479,"column":null}}],"line":479}},"s":{"0":42,"1":42,"2":42,"3":42,"4":42,"5":42,"6":42,"7":42,"8":42,"9":42,"10":42,"11":0,"12":42,"13":8,"14":2,"15":2,"16":0,"17":6,"18":2,"19":2,"20":1,"21":1,"22":1,"23":1,"24":36,"25":36,"26":36,"27":1,"28":1,"29":1,"30":0,"31":0,"32":0,"33":1,"34":1,"35":1,"36":0,"37":0,"38":0,"39":0,"40":0,"41":0,"42":43,"43":42,"44":42,"45":42,"46":1,"47":38,"48":1,"49":1,"50":3,"51":3,"52":3,"53":2,"54":3,"55":1,"56":1,"57":1,"58":1,"59":1,"60":1,"61":1,"62":1,"63":1,"64":1,"65":2,"66":2,"67":0,"68":2,"69":1,"70":1,"71":1,"72":1,"73":1,"74":2,"75":2,"76":0,"77":0,"78":0,"79":1,"80":6,"81":6,"82":13,"83":6,"84":6,"85":6,"86":6,"87":7,"88":13,"89":13,"90":0,"91":13,"92":13,"93":13,"94":1,"95":6,"96":6,"97":6},"f":{"0":42,"1":8,"2":2,"3":2,"4":0,"5":6,"6":2,"7":1,"8":1,"9":36,"10":1,"11":0,"12":1,"13":0,"14":0,"15":43,"16":1,"17":38,"18":42,"19":3,"20":1,"21":1,"22":1,"23":2,"24":1,"25":0,"26":6,"27":13,"28":7},"b":{"0":[42],"1":[42,40,39],"2":[42,40,39],"3":[42,26],"4":[42,40],"5":[42,9],"6":[0,42],"7":[42,40],"8":[34,1],"9":[1,0],"10":[0,0],"11":[1,0],"12":[0,0],"13":[0,0],"14":[42,1],"15":[1,37],"16":[1,2],"17":[2,0],"18":[0,0],"19":[6],"20":[6,1],"21":[0,13],"22":[1,0]},"meta":{"lastBranch":23,"lastFunction":29,"lastStatement":98,"seen":{"s:97:30:97:Infinity":0,"s:98:35:98:Infinity":1,"s:99:21:99:Infinity":2,"f:101:2:101:14":0,"b:101:36:101:40":0,"s:103:10:103:Infinity":3,"s:104:4:104:Infinity":4,"b:104:21:104:40:104:40:104:62:104:62:104:Infinity":1,"s:105:4:105:Infinity":5,"b:105:18:105:34:105:34:105:53:105:53:105:Infinity":2,"s:106:4:106:Infinity":6,"b:106:17:106:32:106:32:106:Infinity":3,"s:107:4:107:Infinity":7,"b:107:25:107:48:107:48:107:Infinity":4,"s:110:6:110:Infinity":8,"b:110:6:110:40:110:30:110:Infinity":5,"s:111:4:114:Infinity":9,"b:116:4:116:Infinity:undefined:undefined:undefined:undefined":6,"s:116:4:116:Infinity":10,"s:116:22:116:Infinity":11,"s:117:4:126:Infinity":12,"b:118:20:118:42:118:42:118:Infinity":7,"f:131:6:131:21":1,"s:131:23:131:42":13,"f:132:6:132:31":2,"s:132:33:132:56":14,"f:133:6:133:22":3,"s:133:24:133:44":15,"f:134:6:134:29":4,"s:134:31:134:58":16,"f:137:6:137:23":5,"s:137:25:137:53":17,"f:142:2:142:10":6,"s:143:4:143:Infinity":18,"s:144:4:144:Infinity":19,"f:148:2:148:11":7,"s:149:4:149:Infinity":20,"s:150:4:150:Infinity":21,"f:154:2:154:13":8,"s:155:4:155:Infinity":22,"s:156:4:156:Infinity":23,"f:174:8:174:12":9,"s:175:4:175:Infinity":24,"s:176:21:178:Infinity":25,"b:177:8:177:Infinity:178:8:178:Infinity":8,"s:179:4:185:Infinity":26,"f:194:8:194:Infinity":10,"s:198:4:198:Infinity":27,"s:199:21:201:Infinity":28,"b:200:8:200:Infinity:201:8:201:Infinity":9,"s:202:4:209:Infinity":29,"f:219:8:219:Infinity":11,"s:224:4:224:Infinity":30,"s:225:21:227:Infinity":31,"b:226:8:226:Infinity:227:8:227:Infinity":10,"s:228:4:236:Infinity":32,"f:247:2:247:Infinity":12,"s:251:4:251:Infinity":33,"s:252:21:254:Infinity":34,"b:253:8:253:Infinity:254:8:254:Infinity":11,"s:255:4:262:Infinity":35,"f:268:8:268:Infinity":13,"s:272:4:272:Infinity":36,"s:273:21:275:Infinity":37,"b:274:8:274:Infinity:275:8:275:Infinity":12,"s:276:4:281:Infinity":38,"f:287:8:287:Infinity":14,"s:292:4:292:Infinity":39,"s:293:21:295:Infinity":40,"b:294:8:294:Infinity:295:8:295:Infinity":13,"s:296:4:302:Infinity":41,"f:308:2:308:18":15,"b:309:4:316:Infinity:undefined:undefined:undefined:undefined":14,"s:309:4:316:Infinity":42,"s:310:6:310:Infinity":43,"s:311:6:315:Infinity":44,"s:312:8:312:Infinity":45,"f:320:3:320:17":16,"s:321:4:321:Infinity":46,"f:324:10:324:36":17,"b:325:4:327:Infinity:undefined:undefined:undefined:undefined":15,"s:325:4:327:Infinity":47,"s:326:6:326:Infinity":48,"f:333:9:333:27":18,"s:334:4:334:Infinity":49,"f:355:22:355:Infinity":19,"s:359:16:359:Infinity":50,"s:360:2:365:Infinity":51,"s:361:19:361:Infinity":52,"s:362:4:362:Infinity":53,"s:364:4:364:Infinity":54,"f:391:2:391:Infinity":20,"s:392:21:392:Infinity":55,"s:393:21:393:Infinity":56,"s:394:21:394:Infinity":57,"s:395:21:395:Infinity":58,"s:396:21:396:Infinity":59,"s:397:21:397:Infinity":60,"f:401:6:401:40":21,"s:401:42:401:63":61,"f:403:10:403:30":22,"s:404:34:404:Infinity":62,"s:406:15:406:Infinity":63,"s:408:20:415:Infinity":64,"f:408:20:408:21":23,"s:409:6:413:Infinity":65,"s:410:8:410:Infinity":66,"s:412:8:412:Infinity":67,"s:414:6:414:Infinity":68,"s:417:10:429:Infinity":69,"f:425:11:425:12":24,"s:426:6:426:Infinity":70,"s:427:6:427:Infinity":71,"s:428:6:428:Infinity":72,"s:431:4:437:Infinity":73,"b:431:11:431:20:431:20:431:39":16,"b:432:6:436:Infinity:434:6:436:Infinity":17,"s:432:6:436:Infinity":74,"s:433:8:433:Infinity":75,"b:434:6:436:Infinity:undefined:undefined:undefined:undefined":18,"s:434:6:436:Infinity":76,"s:435:8:435:Infinity":77,"f:435:32:435:33":25,"s:435:41:435:54":78,"s:439:4:439:Infinity":79,"f:461:22:461:Infinity":26,"s:465:46:465:Infinity":80,"b:465:24:465:27":19,"b:465:46:465:56:465:56:465:Infinity":20,"s:466:29:466:Infinity":81,"f:466:41:466:42":27,"s:466:53:466:63":82,"s:468:16:468:Infinity":83,"s:469:2:486:Infinity":84,"s:470:18:470:Infinity":85,"s:471:20:482:Infinity":86,"f:471:80:471:92":28,"s:472:6:481:Infinity":87,"s:473:22:473:Infinity":88,"b:474:8:474:Infinity:undefined:undefined:undefined:undefined":21,"s:474:8:474:Infinity":89,"s:474:20:474:Infinity":90,"s:475:28:475:Infinity":91,"s:476:8:480:Infinity":92,"s:477:10:477:Infinity":93,"s:479:10:479:Infinity":94,"b:479:52:479:58:479:58:479:Infinity":22,"s:483:4:483:Infinity":95,"s:485:4:485:Infinity":96,"s:487:2:487:Infinity":97}}}
,"/Users/giulioleone/Sviluppo/gauss/gauss-ts/src/sdk/approval.ts": {"path":"/Users/giulioleone/Sviluppo/gauss/gauss-ts/src/sdk/approval.ts","statementMap":{"0":{"start":{"line":17,"column":21},"end":{"line":17,"column":null}},"1":{"start":{"line":20,"column":4},"end":{"line":20,"column":null}},"2":{"start":{"line":24,"column":4},"end":{"line":24,"column":null}},"3":{"start":{"line":32,"column":4},"end":{"line":32,"column":null}},"4":{"start":{"line":33,"column":4},"end":{"line":38,"column":null}},"5":{"start":{"line":45,"column":4},"end":{"line":45,"column":null}},"6":{"start":{"line":46,"column":4},"end":{"line":50,"column":null}},"7":{"start":{"line":54,"column":4},"end":{"line":54,"column":null}},"8":{"start":{"line":55,"column":4},"end":{"line":55,"column":null}},"9":{"start":{"line":59,"column":4},"end":{"line":59,"column":null}},"10":{"start":{"line":60,"column":4},"end":{"line":60,"column":null}},"11":{"start":{"line":64,"column":4},"end":{"line":71,"column":null}},"12":{"start":{"line":65,"column":6},"end":{"line":65,"column":null}},"13":{"start":{"line":66,"column":6},"end":{"line":70,"column":null}},"14":{"start":{"line":67,"column":8},"end":{"line":67,"column":null}},"15":{"start":{"line":75,"column":4},"end":{"line":75,"column":null}},"16":{"start":{"line":79,"column":4},"end":{"line":81,"column":null}},"17":{"start":{"line":80,"column":6},"end":{"line":80,"column":null}}},"fnMap":{"0":{"name":"(anonymous_0)","decl":{"start":{"line":19,"column":2},"end":{"line":19,"column":16}},"loc":{"start":{"line":19,"column":16},"end":{"line":21,"column":null}},"line":19},"1":{"name":"(anonymous_1)","decl":{"start":{"line":23,"column":6},"end":{"line":23,"column":23}},"loc":{"start":{"line":23,"column":23},"end":{"line":25,"column":null}},"line":23},"2":{"name":"(anonymous_2)","decl":{"start":{"line":27,"column":2},"end":{"line":27,"column":null}},"loc":{"start":{"line":31,"column":12},"end":{"line":39,"column":null}},"line":31},"3":{"name":"(anonymous_3)","decl":{"start":{"line":41,"column":2},"end":{"line":41,"column":null}},"loc":{"start":{"line":44,"column":10},"end":{"line":51,"column":null}},"line":44},"4":{"name":"(anonymous_4)","decl":{"start":{"line":53,"column":2},"end":{"line":53,"column":7}},"loc":{"start":{"line":53,"column":49},"end":{"line":56,"column":null}},"line":53},"5":{"name":"(anonymous_5)","decl":{"start":{"line":58,"column":2},"end":{"line":58,"column":25}},"loc":{"start":{"line":58,"column":25},"end":{"line":61,"column":null}},"line":58},"6":{"name":"(anonymous_6)","decl":{"start":{"line":63,"column":2},"end":{"line":63,"column":18}},"loc":{"start":{"line":63,"column":18},"end":{"line":72,"column":null}},"line":63},"7":{"name":"(anonymous_7)","decl":{"start":{"line":74,"column":3},"end":{"line":74,"column":17}},"loc":{"start":{"line":74,"column":27},"end":{"line":76,"column":null}},"line":74},"8":{"name":"(anonymous_8)","decl":{"start":{"line":78,"column":10},"end":{"line":78,"column":36}},"loc":{"start":{"line":78,"column":36},"end":{"line":82,"column":null}},"line":78}},"branchMap":{"0":{"loc":{"start":{"line":49,"column":6},"end":{"line":49,"column":null}},"type":"cond-expr","locations":[{"start":{"line":49,"column":21},"end":{"line":49,"column":52}},{"start":{"line":49,"column":52},"end":{"line":49,"column":null}}],"line":49},"1":{"loc":{"start":{"line":64,"column":4},"end":{"line":71,"column":null}},"type":"if","locations":[{"start":{"line":64,"column":4},"end":{"line":71,"column":null}},{"start":{},"end":{}}],"line":64},"2":{"loc":{"start":{"line":79,"column":4},"end":{"line":81,"column":null}},"type":"if","locations":[{"start":{"line":79,"column":4},"end":{"line":81,"column":null}},{"start":{},"end":{}}],"line":79}},"s":{"0":1,"1":1,"2":0,"3":1,"4":1,"5":1,"6":1,"7":1,"8":1,"9":1,"10":1,"11":1,"12":1,"13":1,"14":1,"15":0,"16":4,"17":0},"f":{"0":1,"1":0,"2":1,"3":1,"4":1,"5":1,"6":1,"7":0,"8":4},"b":{"0":[0,1],"1":[1,0],"2":[0,4]},"meta":{"lastBranch":3,"lastFunction":9,"lastStatement":18,"seen":{"s:17:21:17:Infinity":0,"f:19:2:19:16":0,"s:20:4:20:Infinity":1,"f:23:6:23:23":1,"s:24:4:24:Infinity":2,"f:27:2:27:Infinity":2,"s:32:4:32:Infinity":3,"s:33:4:38:Infinity":4,"f:41:2:41:Infinity":3,"s:45:4:45:Infinity":5,"s:46:4:50:Infinity":6,"b:49:21:49:52:49:52:49:Infinity":0,"f:53:2:53:7":4,"s:54:4:54:Infinity":7,"s:55:4:55:Infinity":8,"f:58:2:58:25":5,"s:59:4:59:Infinity":9,"s:60:4:60:Infinity":10,"f:63:2:63:18":6,"b:64:4:71:Infinity:undefined:undefined:undefined:undefined":1,"s:64:4:71:Infinity":11,"s:65:6:65:Infinity":12,"s:66:6:70:Infinity":13,"s:67:8:67:Infinity":14,"f:74:3:74:17":7,"s:75:4:75:Infinity":15,"f:78:10:78:36":8,"b:79:4:81:Infinity:undefined:undefined:undefined:undefined":2,"s:79:4:81:Infinity":16,"s:80:6:80:Infinity":17}}}
,"/Users/giulioleone/Sviluppo/gauss/gauss-ts/src/sdk/checkpoint.ts": {"path":"/Users/giulioleone/Sviluppo/gauss/gauss-ts/src/sdk/checkpoint.ts","statementMap":{"0":{"start":{"line":16,"column":21},"end":{"line":16,"column":null}},"1":{"start":{"line":19,"column":4},"end":{"line":19,"column":null}},"2":{"start":{"line":23,"column":4},"end":{"line":23,"column":null}},"3":{"start":{"line":27,"column":4},"end":{"line":27,"column":null}},"4":{"start":{"line":28,"column":4},"end":{"line":28,"column":null}},"5":{"start":{"line":32,"column":4},"end":{"line":32,"column":null}},"6":{"start":{"line":33,"column":4},"end":{"line":33,"column":null}},"7":{"start":{"line":37,"column":4},"end":{"line":37,"column":null}},"8":{"start":{"line":38,"column":4},"end":{"line":38,"column":null}},"9":{"start":{"line":42,"column":4},"end":{"line":49,"column":null}},"10":{"start":{"line":43,"column":6},"end":{"line":43,"column":null}},"11":{"start":{"line":44,"column":6},"end":{"line":48,"column":null}},"12":{"start":{"line":45,"column":8},"end":{"line":45,"column":null}},"13":{"start":{"line":53,"column":4},"end":{"line":53,"column":null}},"14":{"start":{"line":57,"column":4},"end":{"line":59,"column":null}},"15":{"start":{"line":58,"column":6},"end":{"line":58,"column":null}}},"fnMap":{"0":{"name":"(anonymous_0)","decl":{"start":{"line":18,"column":2},"end":{"line":18,"column":16}},"loc":{"start":{"line":18,"column":16},"end":{"line":20,"column":null}},"line":18},"1":{"name":"(anonymous_1)","decl":{"start":{"line":22,"column":6},"end":{"line":22,"column":23}},"loc":{"start":{"line":22,"column":23},"end":{"line":24,"column":null}},"line":22},"2":{"name":"(anonymous_2)","decl":{"start":{"line":26,"column":8},"end":{"line":26,"column":13}},"loc":{"start":{"line":26,"column":65},"end":{"line":29,"column":null}},"line":26},"3":{"name":"(anonymous_3)","decl":{"start":{"line":31,"column":8},"end":{"line":31,"column":13}},"loc":{"start":{"line":31,"column":53},"end":{"line":34,"column":null}},"line":31},"4":{"name":"(anonymous_4)","decl":{"start":{"line":36,"column":8},"end":{"line":36,"column":19}},"loc":{"start":{"line":36,"column":56},"end":{"line":39,"column":null}},"line":36},"5":{"name":"(anonymous_5)","decl":{"start":{"line":41,"column":2},"end":{"line":41,"column":18}},"loc":{"start":{"line":41,"column":18},"end":{"line":50,"column":null}},"line":41},"6":{"name":"(anonymous_6)","decl":{"start":{"line":52,"column":3},"end":{"line":52,"column":17}},"loc":{"start":{"line":52,"column":27},"end":{"line":54,"column":null}},"line":52},"7":{"name":"(anonymous_7)","decl":{"start":{"line":56,"column":10},"end":{"line":56,"column":36}},"loc":{"start":{"line":56,"column":36},"end":{"line":60,"column":null}},"line":56}},"branchMap":{"0":{"loc":{"start":{"line":42,"column":4},"end":{"line":49,"column":null}},"type":"if","locations":[{"start":{"line":42,"column":4},"end":{"line":49,"column":null}},{"start":{},"end":{}}],"line":42},"1":{"loc":{"start":{"line":57,"column":4},"end":{"line":59,"column":null}},"type":"if","locations":[{"start":{"line":57,"column":4},"end":{"line":59,"column":null}},{"start":{},"end":{}}],"line":57}},"s":{"0":1,"1":1,"2":0,"3":1,"4":1,"5":1,"6":1,"7":1,"8":1,"9":1,"10":1,"11":1,"12":1,"13":0,"14":3,"15":0},"f":{"0":1,"1":0,"2":1,"3":1,"4":1,"5":1,"6":0,"7":3},"b":{"0":[1,0],"1":[0,3]},"meta":{"lastBranch":2,"lastFunction":8,"lastStatement":16,"seen":{"s:16:21:16:Infinity":0,"f:18:2:18:16":0,"s:19:4:19:Infinity":1,"f:22:6:22:23":1,"s:23:4:23:Infinity":2,"f:26:8:26:13":2,"s:27:4:27:Infinity":3,"s:28:4:28:Infinity":4,"f:31:8:31:13":3,"s:32:4:32:Infinity":5,"s:33:4:33:Infinity":6,"f:36:8:36:19":4,"s:37:4:37:Infinity":7,"s:38:4:38:Infinity":8,"f:41:2:41:18":5,"b:42:4:49:Infinity:undefined:undefined:undefined:undefined":0,"s:42:4:49:Infinity":9,"s:43:6:43:Infinity":10,"s:44:6:48:Infinity":11,"s:45:8:45:Infinity":12,"f:52:3:52:17":6,"s:53:4:53:Infinity":13,"f:56:10:56:36":7,"b:57:4:59:Infinity:undefined:undefined:undefined:undefined":1,"s:57:4:59:Infinity":14,"s:58:6:58:Infinity":15}}}
,"/Users/giulioleone/Sviluppo/gauss/gauss-ts/src/sdk/config.ts": {"path":"/Users/giulioleone/Sviluppo/gauss/gauss-ts/src/sdk/config.ts","statementMap":{"0":{"start":{"line":10,"column":2},"end":{"line":10,"column":null}},"1":{"start":{"line":14,"column":2},"end":{"line":14,"column":null}}},"fnMap":{"0":{"name":"parseAgentConfig","decl":{"start":{"line":9,"column":16},"end":{"line":9,"column":33}},"loc":{"start":{"line":9,"column":58},"end":{"line":11,"column":null}},"line":9},"1":{"name":"resolveEnv","decl":{"start":{"line":13,"column":16},"end":{"line":13,"column":27}},"loc":{"start":{"line":13,"column":50},"end":{"line":15,"column":null}},"line":13}},"branchMap":{},"s":{"0":1,"1":1},"f":{"0":1,"1":1},"b":{},"meta":{"lastBranch":0,"lastFunction":2,"lastStatement":2,"seen":{"f:9:16:9:33":0,"s:10:2:10:Infinity":0,"f:13:16:13:27":1,"s:14:2:14:Infinity":1}}}
,"/Users/giulioleone/Sviluppo/gauss/gauss-ts/src/sdk/eval.ts": {"path":"/Users/giulioleone/Sviluppo/gauss/gauss-ts/src/sdk/eval.ts","statementMap":{"0":{"start":{"line":16,"column":21},"end":{"line":16,"column":null}},"1":{"start":{"line":19,"column":4},"end":{"line":19,"column":null}},"2":{"start":{"line":23,"column":4},"end":{"line":23,"column":null}},"3":{"start":{"line":27,"column":4},"end":{"line":27,"column":null}},"4":{"start":{"line":28,"column":4},"end":{"line":28,"column":null}},"5":{"start":{"line":29,"column":4},"end":{"line":29,"column":null}},"6":{"start":{"line":33,"column":4},"end":{"line":40,"column":null}},"7":{"start":{"line":34,"column":6},"end":{"line":34,"column":null}},"8":{"start":{"line":35,"column":6},"end":{"line":39,"column":null}},"9":{"start":{"line":36,"column":8},"end":{"line":36,"column":null}},"10":{"start":{"line":44,"column":4},"end":{"line":44,"column":null}},"11":{"start":{"line":48,"column":4},"end":{"line":50,"column":null}},"12":{"start":{"line":49,"column":6},"end":{"line":49,"column":null}},"13":{"start":{"line":54,"column":4},"end":{"line":54,"column":null}},"14":{"start":{"line":58,"column":4},"end":{"line":58,"column":null}}},"fnMap":{"0":{"name":"(anonymous_0)","decl":{"start":{"line":18,"column":2},"end":{"line":18,"column":14}},"loc":{"start":{"line":18,"column":34},"end":{"line":20,"column":null}},"line":18},"1":{"name":"(anonymous_1)","decl":{"start":{"line":22,"column":6},"end":{"line":22,"column":23}},"loc":{"start":{"line":22,"column":23},"end":{"line":24,"column":null}},"line":22},"2":{"name":"(anonymous_2)","decl":{"start":{"line":26,"column":2},"end":{"line":26,"column":12}},"loc":{"start":{"line":26,"column":46},"end":{"line":30,"column":null}},"line":26},"3":{"name":"(anonymous_3)","decl":{"start":{"line":32,"column":2},"end":{"line":32,"column":18}},"loc":{"start":{"line":32,"column":18},"end":{"line":41,"column":null}},"line":32},"4":{"name":"(anonymous_4)","decl":{"start":{"line":43,"column":3},"end":{"line":43,"column":17}},"loc":{"start":{"line":43,"column":27},"end":{"line":45,"column":null}},"line":43},"5":{"name":"(anonymous_5)","decl":{"start":{"line":47,"column":10},"end":{"line":47,"column":36}},"loc":{"start":{"line":47,"column":36},"end":{"line":51,"column":null}},"line":47},"6":{"name":"(anonymous_6)","decl":{"start":{"line":53,"column":9},"end":{"line":53,"column":26}},"loc":{"start":{"line":53,"column":50},"end":{"line":55,"column":null}},"line":53},"7":{"name":"(anonymous_7)","decl":{"start":{"line":57,"column":9},"end":{"line":57,"column":25}},"loc":{"start":{"line":57,"column":51},"end":{"line":59,"column":null}},"line":57}},"branchMap":{"0":{"loc":{"start":{"line":33,"column":4},"end":{"line":40,"column":null}},"type":"if","locations":[{"start":{"line":33,"column":4},"end":{"line":40,"column":null}},{"start":{},"end":{}}],"line":33},"1":{"loc":{"start":{"line":48,"column":4},"end":{"line":50,"column":null}},"type":"if","locations":[{"start":{"line":48,"column":4},"end":{"line":50,"column":null}},{"start":{},"end":{}}],"line":48}},"s":{"0":1,"1":1,"2":1,"3":1,"4":1,"5":1,"6":1,"7":1,"8":1,"9":1,"10":0,"11":1,"12":0,"13":1,"14":1},"f":{"0":1,"1":1,"2":1,"3":1,"4":0,"5":1,"6":1,"7":1},"b":{"0":[1,0],"1":[0,1]},"meta":{"lastBranch":2,"lastFunction":8,"lastStatement":15,"seen":{"s:16:21:16:Infinity":0,"f:18:2:18:14":0,"s:19:4:19:Infinity":1,"f:22:6:22:23":1,"s:23:4:23:Infinity":2,"f:26:2:26:12":2,"s:27:4:27:Infinity":3,"s:28:4:28:Infinity":4,"s:29:4:29:Infinity":5,"f:32:2:32:18":3,"b:33:4:40:Infinity:undefined:undefined:undefined:undefined":0,"s:33:4:40:Infinity":6,"s:34:6:34:Infinity":7,"s:35:6:39:Infinity":8,"s:36:8:36:Infinity":9,"f:43:3:43:17":4,"s:44:4:44:Infinity":10,"f:47:10:47:36":5,"b:48:4:50:Infinity:undefined:undefined:undefined:undefined":1,"s:48:4:50:Infinity":11,"s:49:6:49:Infinity":12,"f:53:9:53:26":6,"s:54:4:54:Infinity":13,"f:57:9:57:25":7,"s:58:4:58:Infinity":14}}}
,"/Users/giulioleone/Sviluppo/gauss/gauss-ts/src/sdk/graph.ts": {"path":"/Users/giulioleone/Sviluppo/gauss/gauss-ts/src/sdk/graph.ts","statementMap":{"0":{"start":{"line":36,"column":21},"end":{"line":36,"column":null}},"1":{"start":{"line":39,"column":4},"end":{"line":39,"column":null}},"2":{"start":{"line":43,"column":4},"end":{"line":43,"column":null}},"3":{"start":{"line":47,"column":4},"end":{"line":47,"column":null}},"4":{"start":{"line":48,"column":4},"end":{"line":55,"column":null}},"5":{"start":{"line":56,"column":4},"end":{"line":56,"column":null}},"6":{"start":{"line":60,"column":4},"end":{"line":60,"column":null}},"7":{"start":{"line":61,"column":4},"end":{"line":61,"column":null}},"8":{"start":{"line":62,"column":4},"end":{"line":62,"column":null}},"9":{"start":{"line":66,"column":4},"end":{"line":66,"column":null}},"10":{"start":{"line":67,"column":4},"end":{"line":67,"column":null}},"11":{"start":{"line":71,"column":4},"end":{"line":74,"column":null}},"12":{"start":{"line":72,"column":6},"end":{"line":72,"column":null}},"13":{"start":{"line":73,"column":6},"end":{"line":73,"column":null}},"14":{"start":{"line":73,"column":12},"end":{"line":73,"column":41}},"15":{"start":{"line":78,"column":4},"end":{"line":78,"column":null}},"16":{"start":{"line":82,"column":4},"end":{"line":82,"column":null}},"17":{"start":{"line":82,"column":23},"end":{"line":82,"column":null}}},"fnMap":{"0":{"name":"(anonymous_0)","decl":{"start":{"line":38,"column":2},"end":{"line":38,"column":16}},"loc":{"start":{"line":38,"column":16},"end":{"line":40,"column":null}},"line":38},"1":{"name":"(anonymous_1)","decl":{"start":{"line":42,"column":6},"end":{"line":42,"column":23}},"loc":{"start":{"line":42,"column":23},"end":{"line":44,"column":null}},"line":42},"2":{"name":"(anonymous_2)","decl":{"start":{"line":46,"column":2},"end":{"line":46,"column":10}},"loc":{"start":{"line":46,"column":41},"end":{"line":57,"column":null}},"line":46},"3":{"name":"(anonymous_3)","decl":{"start":{"line":59,"column":2},"end":{"line":59,"column":10}},"loc":{"start":{"line":59,"column":42},"end":{"line":63,"column":null}},"line":59},"4":{"name":"(anonymous_4)","decl":{"start":{"line":65,"column":8},"end":{"line":65,"column":12}},"loc":{"start":{"line":65,"column":62},"end":{"line":68,"column":null}},"line":65},"5":{"name":"(anonymous_5)","decl":{"start":{"line":70,"column":2},"end":{"line":70,"column":18}},"loc":{"start":{"line":70,"column":18},"end":{"line":75,"column":null}},"line":70},"6":{"name":"(anonymous_6)","decl":{"start":{"line":77,"column":3},"end":{"line":77,"column":17}},"loc":{"start":{"line":77,"column":27},"end":{"line":79,"column":null}},"line":77},"7":{"name":"(anonymous_7)","decl":{"start":{"line":81,"column":10},"end":{"line":81,"column":36}},"loc":{"start":{"line":81,"column":36},"end":{"line":83,"column":null}},"line":81}},"branchMap":{"0":{"loc":{"start":{"line":54,"column":6},"end":{"line":54,"column":null}},"type":"binary-expr","locations":[{"start":{"line":54,"column":6},"end":{"line":54,"column":22}},{"start":{"line":54,"column":22},"end":{"line":54,"column":null}}],"line":54},"1":{"loc":{"start":{"line":71,"column":4},"end":{"line":74,"column":null}},"type":"if","locations":[{"start":{"line":71,"column":4},"end":{"line":74,"column":null}},{"start":{},"end":{}}],"line":71},"2":{"loc":{"start":{"line":82,"column":4},"end":{"line":82,"column":null}},"type":"if","locations":[{"start":{"line":82,"column":4},"end":{"line":82,"column":null}},{"start":{},"end":{}}],"line":82}},"s":{"0":2,"1":2,"2":0,"3":2,"4":2,"5":2,"6":1,"7":1,"8":1,"9":2,"10":2,"11":2,"12":2,"13":2,"14":2,"15":0,"16":5,"17":1},"f":{"0":2,"1":0,"2":2,"3":1,"4":2,"5":2,"6":0,"7":5},"b":{"0":[2,2],"1":[2,0],"2":[1,4]},"meta":{"lastBranch":3,"lastFunction":8,"lastStatement":18,"seen":{"s:36:21:36:Infinity":0,"f:38:2:38:16":0,"s:39:4:39:Infinity":1,"f:42:6:42:23":1,"s:43:4:43:Infinity":2,"f:46:2:46:10":2,"s:47:4:47:Infinity":3,"s:48:4:55:Infinity":4,"b:54:6:54:22:54:22:54:Infinity":0,"s:56:4:56:Infinity":5,"f:59:2:59:10":3,"s:60:4:60:Infinity":6,"s:61:4:61:Infinity":7,"s:62:4:62:Infinity":8,"f:65:8:65:12":4,"s:66:4:66:Infinity":9,"s:67:4:67:Infinity":10,"f:70:2:70:18":5,"b:71:4:74:Infinity:undefined:undefined:undefined:undefined":1,"s:71:4:74:Infinity":11,"s:72:6:72:Infinity":12,"s:73:6:73:Infinity":13,"s:73:12:73:41":14,"f:77:3:77:17":6,"s:78:4:78:Infinity":15,"f:81:10:81:36":7,"b:82:4:82:Infinity:undefined:undefined:undefined:undefined":2,"s:82:4:82:Infinity":16,"s:82:23:82:Infinity":17}}}
,"/Users/giulioleone/Sviluppo/gauss/gauss-ts/src/sdk/guardrail.ts": {"path":"/Users/giulioleone/Sviluppo/gauss/gauss-ts/src/sdk/guardrail.ts","statementMap":{"0":{"start":{"line":19,"column":21},"end":{"line":19,"column":null}},"1":{"start":{"line":22,"column":4},"end":{"line":22,"column":null}},"2":{"start":{"line":26,"column":4},"end":{"line":26,"column":null}},"3":{"start":{"line":33,"column":4},"end":{"line":33,"column":null}},"4":{"start":{"line":34,"column":4},"end":{"line":38,"column":null}},"5":{"start":{"line":39,"column":4},"end":{"line":39,"column":null}},"6":{"start":{"line":43,"column":4},"end":{"line":43,"column":null}},"7":{"start":{"line":44,"column":4},"end":{"line":44,"column":null}},"8":{"start":{"line":45,"column":4},"end":{"line":45,"column":null}},"9":{"start":{"line":49,"column":4},"end":{"line":49,"column":null}},"10":{"start":{"line":50,"column":4},"end":{"line":50,"column":null}},"11":{"start":{"line":51,"column":4},"end":{"line":51,"column":null}},"12":{"start":{"line":55,"column":4},"end":{"line":55,"column":null}},"13":{"start":{"line":56,"column":4},"end":{"line":56,"column":null}},"14":{"start":{"line":57,"column":4},"end":{"line":57,"column":null}},"15":{"start":{"line":61,"column":4},"end":{"line":61,"column":null}},"16":{"start":{"line":62,"column":4},"end":{"line":62,"column":null}},"17":{"start":{"line":63,"column":4},"end":{"line":63,"column":null}},"18":{"start":{"line":67,"column":4},"end":{"line":67,"column":null}},"19":{"start":{"line":68,"column":4},"end":{"line":68,"column":null}},"20":{"start":{"line":72,"column":4},"end":{"line":79,"column":null}},"21":{"start":{"line":73,"column":6},"end":{"line":73,"column":null}},"22":{"start":{"line":74,"column":6},"end":{"line":78,"column":null}},"23":{"start":{"line":75,"column":8},"end":{"line":75,"column":null}},"24":{"start":{"line":83,"column":4},"end":{"line":83,"column":null}},"25":{"start":{"line":87,"column":4},"end":{"line":89,"column":null}},"26":{"start":{"line":88,"column":6},"end":{"line":88,"column":null}}},"fnMap":{"0":{"name":"(anonymous_0)","decl":{"start":{"line":21,"column":2},"end":{"line":21,"column":16}},"loc":{"start":{"line":21,"column":16},"end":{"line":23,"column":null}},"line":21},"1":{"name":"(anonymous_1)","decl":{"start":{"line":25,"column":6},"end":{"line":25,"column":23}},"loc":{"start":{"line":25,"column":23},"end":{"line":27,"column":null}},"line":25},"2":{"name":"(anonymous_2)","decl":{"start":{"line":29,"column":2},"end":{"line":29,"column":null}},"loc":{"start":{"line":32,"column":10},"end":{"line":40,"column":null}},"line":32},"3":{"name":"(anonymous_3)","decl":{"start":{"line":42,"column":2},"end":{"line":42,"column":18}},"loc":{"start":{"line":42,"column":43},"end":{"line":46,"column":null}},"line":42},"4":{"name":"(anonymous_4)","decl":{"start":{"line":48,"column":2},"end":{"line":48,"column":16}},"loc":{"start":{"line":48,"column":61},"end":{"line":52,"column":null}},"line":48},"5":{"name":"(anonymous_5)","decl":{"start":{"line":54,"column":2},"end":{"line":54,"column":17}},"loc":{"start":{"line":54,"column":71},"end":{"line":58,"column":null}},"line":54},"6":{"name":"(anonymous_6)","decl":{"start":{"line":60,"column":2},"end":{"line":60,"column":12}},"loc":{"start":{"line":60,"column":51},"end":{"line":64,"column":null}},"line":60},"7":{"name":"(anonymous_7)","decl":{"start":{"line":66,"column":2},"end":{"line":66,"column":19}},"loc":{"start":{"line":66,"column":19},"end":{"line":69,"column":null}},"line":66},"8":{"name":"(anonymous_8)","decl":{"start":{"line":71,"column":2},"end":{"line":71,"column":18}},"loc":{"start":{"line":71,"column":18},"end":{"line":80,"column":null}},"line":71},"9":{"name":"(anonymous_9)","decl":{"start":{"line":82,"column":3},"end":{"line":82,"column":17}},"loc":{"start":{"line":82,"column":27},"end":{"line":84,"column":null}},"line":82},"10":{"name":"(anonymous_10)","decl":{"start":{"line":86,"column":10},"end":{"line":86,"column":36}},"loc":{"start":{"line":86,"column":36},"end":{"line":90,"column":null}},"line":86}},"branchMap":{"0":{"loc":{"start":{"line":31,"column":4},"end":{"line":31,"column":null}},"type":"default-arg","locations":[{"start":{"line":31,"column":29},"end":{"line":31,"column":null}}],"line":31},"1":{"loc":{"start":{"line":54,"column":39},"end":{"line":54,"column":71}},"type":"default-arg","locations":[{"start":{"line":54,"column":61},"end":{"line":54,"column":71}}],"line":54},"2":{"loc":{"start":{"line":72,"column":4},"end":{"line":79,"column":null}},"type":"if","locations":[{"start":{"line":72,"column":4},"end":{"line":79,"column":null}},{"start":{},"end":{}}],"line":72},"3":{"loc":{"start":{"line":87,"column":4},"end":{"line":89,"column":null}},"type":"if","locations":[{"start":{"line":87,"column":4},"end":{"line":89,"column":null}},{"start":{},"end":{}}],"line":87}},"s":{"0":1,"1":1,"2":0,"3":1,"4":1,"5":1,"6":1,"7":1,"8":1,"9":1,"10":1,"11":1,"12":1,"13":1,"14":1,"15":1,"16":1,"17":1,"18":1,"19":1,"20":1,"21":1,"22":1,"23":1,"24":0,"25":6,"26":0},"f":{"0":1,"1":0,"2":1,"3":1,"4":1,"5":1,"6":1,"7":1,"8":1,"9":0,"10":6},"b":{"0":[1],"1":[1],"2":[1,0],"3":[0,6]},"meta":{"lastBranch":4,"lastFunction":11,"lastStatement":27,"seen":{"s:19:21:19:Infinity":0,"f:21:2:21:16":0,"s:22:4:22:Infinity":1,"f:25:6:25:23":1,"s:26:4:26:Infinity":2,"f:29:2:29:Infinity":2,"b:31:29:31:Infinity":0,"s:33:4:33:Infinity":3,"s:34:4:38:Infinity":4,"s:39:4:39:Infinity":5,"f:42:2:42:18":3,"s:43:4:43:Infinity":6,"s:44:4:44:Infinity":7,"s:45:4:45:Infinity":8,"f:48:2:48:16":4,"s:49:4:49:Infinity":9,"s:50:4:50:Infinity":10,"s:51:4:51:Infinity":11,"f:54:2:54:17":5,"b:54:61:54:71":1,"s:55:4:55:Infinity":12,"s:56:4:56:Infinity":13,"s:57:4:57:Infinity":14,"f:60:2:60:12":6,"s:61:4:61:Infinity":15,"s:62:4:62:Infinity":16,"s:63:4:63:Infinity":17,"f:66:2:66:19":7,"s:67:4:67:Infinity":18,"s:68:4:68:Infinity":19,"f:71:2:71:18":8,"b:72:4:79:Infinity:undefined:undefined:undefined:undefined":2,"s:72:4:79:Infinity":20,"s:73:6:73:Infinity":21,"s:74:6:78:Infinity":22,"s:75:8:75:Infinity":23,"f:82:3:82:17":9,"s:83:4:83:Infinity":24,"f:86:10:86:36":10,"b:87:4:89:Infinity:undefined:undefined:undefined:undefined":3,"s:87:4:89:Infinity":25,"s:88:6:88:Infinity":26}}}
,"/Users/giulioleone/Sviluppo/gauss/gauss-ts/src/sdk/mcp.ts": {"path":"/Users/giulioleone/Sviluppo/gauss/gauss-ts/src/sdk/mcp.ts","statementMap":{"0":{"start":{"line":15,"column":21},"end":{"line":15,"column":null}},"1":{"start":{"line":18,"column":4},"end":{"line":18,"column":null}},"2":{"start":{"line":22,"column":4},"end":{"line":22,"column":null}},"3":{"start":{"line":26,"column":4},"end":{"line":26,"column":null}},"4":{"start":{"line":27,"column":4},"end":{"line":27,"column":null}},"5":{"start":{"line":28,"column":4},"end":{"line":28,"column":null}},"6":{"start":{"line":32,"column":4},"end":{"line":32,"column":null}},"7":{"start":{"line":33,"column":4},"end":{"line":33,"column":null}},"8":{"start":{"line":37,"column":4},"end":{"line":44,"column":null}},"9":{"start":{"line":38,"column":6},"end":{"line":38,"column":null}},"10":{"start":{"line":39,"column":6},"end":{"line":43,"column":null}},"11":{"start":{"line":40,"column":8},"end":{"line":40,"column":null}},"12":{"start":{"line":48,"column":4},"end":{"line":48,"column":null}},"13":{"start":{"line":52,"column":4},"end":{"line":54,"column":null}},"14":{"start":{"line":53,"column":6},"end":{"line":53,"column":null}}},"fnMap":{"0":{"name":"(anonymous_0)","decl":{"start":{"line":17,"column":2},"end":{"line":17,"column":14}},"loc":{"start":{"line":17,"column":45},"end":{"line":19,"column":null}},"line":17},"1":{"name":"(anonymous_1)","decl":{"start":{"line":21,"column":6},"end":{"line":21,"column":23}},"loc":{"start":{"line":21,"column":23},"end":{"line":23,"column":null}},"line":21},"2":{"name":"(anonymous_2)","decl":{"start":{"line":25,"column":2},"end":{"line":25,"column":10}},"loc":{"start":{"line":25,"column":31},"end":{"line":29,"column":null}},"line":25},"3":{"name":"(anonymous_3)","decl":{"start":{"line":31,"column":8},"end":{"line":31,"column":22}},"loc":{"start":{"line":31,"column":58},"end":{"line":34,"column":null}},"line":31},"4":{"name":"(anonymous_4)","decl":{"start":{"line":36,"column":2},"end":{"line":36,"column":18}},"loc":{"start":{"line":36,"column":18},"end":{"line":45,"column":null}},"line":36},"5":{"name":"(anonymous_5)","decl":{"start":{"line":47,"column":3},"end":{"line":47,"column":17}},"loc":{"start":{"line":47,"column":27},"end":{"line":49,"column":null}},"line":47},"6":{"name":"(anonymous_6)","decl":{"start":{"line":51,"column":10},"end":{"line":51,"column":36}},"loc":{"start":{"line":51,"column":36},"end":{"line":55,"column":null}},"line":51}},"branchMap":{"0":{"loc":{"start":{"line":37,"column":4},"end":{"line":44,"column":null}},"type":"if","locations":[{"start":{"line":37,"column":4},"end":{"line":44,"column":null}},{"start":{},"end":{}}],"line":37},"1":{"loc":{"start":{"line":52,"column":4},"end":{"line":54,"column":null}},"type":"if","locations":[{"start":{"line":52,"column":4},"end":{"line":54,"column":null}},{"start":{},"end":{}}],"line":52}},"s":{"0":1,"1":1,"2":0,"3":1,"4":1,"5":1,"6":1,"7":1,"8":1,"9":1,"10":1,"11":1,"12":0,"13":2,"14":0},"f":{"0":1,"1":0,"2":1,"3":1,"4":1,"5":0,"6":2},"b":{"0":[1,0],"1":[0,2]},"meta":{"lastBranch":2,"lastFunction":7,"lastStatement":15,"seen":{"s:15:21:15:Infinity":0,"f:17:2:17:14":0,"s:18:4:18:Infinity":1,"f:21:6:21:23":1,"s:22:4:22:Infinity":2,"f:25:2:25:10":2,"s:26:4:26:Infinity":3,"s:27:4:27:Infinity":4,"s:28:4:28:Infinity":5,"f:31:8:31:22":3,"s:32:4:32:Infinity":6,"s:33:4:33:Infinity":7,"f:36:2:36:18":4,"b:37:4:44:Infinity:undefined:undefined:undefined:undefined":0,"s:37:4:44:Infinity":8,"s:38:6:38:Infinity":9,"s:39:6:43:Infinity":10,"s:40:8:40:Infinity":11,"f:47:3:47:17":5,"s:48:4:48:Infinity":12,"f:51:10:51:36":6,"b:52:4:54:Infinity:undefined:undefined:undefined:undefined":1,"s:52:4:54:Infinity":13,"s:53:6:53:Infinity":14}}}
,"/Users/giulioleone/Sviluppo/gauss/gauss-ts/src/sdk/memory.ts": {"path":"/Users/giulioleone/Sviluppo/gauss/gauss-ts/src/sdk/memory.ts","statementMap":{"0":{"start":{"line":31,"column":21},"end":{"line":31,"column":null}},"1":{"start":{"line":34,"column":4},"end":{"line":34,"column":null}},"2":{"start":{"line":38,"column":4},"end":{"line":38,"column":null}},"3":{"start":{"line":49,"column":4},"end":{"line":49,"column":null}},"4":{"start":{"line":51,"column":6},"end":{"line":53,"column":null}},"5":{"start":{"line":54,"column":4},"end":{"line":54,"column":null}},"6":{"start":{"line":58,"column":4},"end":{"line":58,"column":null}},"7":{"start":{"line":59,"column":17},"end":{"line":59,"column":null}},"8":{"start":{"line":60,"column":4},"end":{"line":60,"column":null}},"9":{"start":{"line":64,"column":4},"end":{"line":64,"column":null}},"10":{"start":{"line":65,"column":4},"end":{"line":65,"column":null}},"11":{"start":{"line":69,"column":4},"end":{"line":69,"column":null}},"12":{"start":{"line":70,"column":4},"end":{"line":70,"column":null}},"13":{"start":{"line":74,"column":4},"end":{"line":81,"column":null}},"14":{"start":{"line":75,"column":6},"end":{"line":75,"column":null}},"15":{"start":{"line":76,"column":6},"end":{"line":80,"column":null}},"16":{"start":{"line":77,"column":8},"end":{"line":77,"column":null}},"17":{"start":{"line":85,"column":4},"end":{"line":85,"column":null}},"18":{"start":{"line":89,"column":4},"end":{"line":91,"column":null}},"19":{"start":{"line":90,"column":6},"end":{"line":90,"column":null}}},"fnMap":{"0":{"name":"(anonymous_0)","decl":{"start":{"line":33,"column":2},"end":{"line":33,"column":16}},"loc":{"start":{"line":33,"column":16},"end":{"line":35,"column":null}},"line":33},"1":{"name":"(anonymous_1)","decl":{"start":{"line":37,"column":6},"end":{"line":37,"column":23}},"loc":{"start":{"line":37,"column":23},"end":{"line":39,"column":null}},"line":37},"2":{"name":"(anonymous_2)","decl":{"start":{"line":44,"column":8},"end":{"line":44,"column":null}},"loc":{"start":{"line":48,"column":19},"end":{"line":55,"column":null}},"line":48},"3":{"name":"(anonymous_3)","decl":{"start":{"line":57,"column":8},"end":{"line":57,"column":15}},"loc":{"start":{"line":57,"column":64},"end":{"line":61,"column":null}},"line":57},"4":{"name":"(anonymous_4)","decl":{"start":{"line":63,"column":8},"end":{"line":63,"column":14}},"loc":{"start":{"line":63,"column":49},"end":{"line":66,"column":null}},"line":63},"5":{"name":"(anonymous_5)","decl":{"start":{"line":68,"column":8},"end":{"line":68,"column":50}},"loc":{"start":{"line":68,"column":50},"end":{"line":71,"column":null}},"line":68},"6":{"name":"(anonymous_6)","decl":{"start":{"line":73,"column":2},"end":{"line":73,"column":18}},"loc":{"start":{"line":73,"column":18},"end":{"line":82,"column":null}},"line":73},"7":{"name":"(anonymous_7)","decl":{"start":{"line":84,"column":3},"end":{"line":84,"column":17}},"loc":{"start":{"line":84,"column":27},"end":{"line":86,"column":null}},"line":84},"8":{"name":"(anonymous_8)","decl":{"start":{"line":88,"column":10},"end":{"line":88,"column":36}},"loc":{"start":{"line":88,"column":36},"end":{"line":92,"column":null}},"line":88}},"branchMap":{"0":{"loc":{"start":{"line":51,"column":6},"end":{"line":53,"column":null}},"type":"cond-expr","locations":[{"start":{"line":52,"column":10},"end":{"line":52,"column":null}},{"start":{"line":53,"column":10},"end":{"line":53,"column":null}}],"line":51},"1":{"loc":{"start":{"line":59,"column":17},"end":{"line":59,"column":null}},"type":"cond-expr","locations":[{"start":{"line":59,"column":27},"end":{"line":59,"column":53}},{"start":{"line":59,"column":53},"end":{"line":59,"column":null}}],"line":59},"2":{"loc":{"start":{"line":74,"column":4},"end":{"line":81,"column":null}},"type":"if","locations":[{"start":{"line":74,"column":4},"end":{"line":81,"column":null}},{"start":{},"end":{}}],"line":74},"3":{"loc":{"start":{"line":89,"column":4},"end":{"line":91,"column":null}},"type":"if","locations":[{"start":{"line":89,"column":4},"end":{"line":91,"column":null}},{"start":{},"end":{}}],"line":89}},"s":{"0":6,"1":6,"2":0,"3":3,"4":3,"5":3,"6":1,"7":1,"8":1,"9":1,"10":1,"11":1,"12":1,"13":6,"14":6,"15":6,"16":6,"17":1,"18":6,"19":1},"f":{"0":6,"1":0,"2":3,"3":1,"4":1,"5":1,"6":6,"7":1,"8":6},"b":{"0":[1,1],"1":[1,0],"2":[6,0],"3":[1,5]},"meta":{"lastBranch":4,"lastFunction":9,"lastStatement":20,"seen":{"s:31:21:31:Infinity":0,"f:33:2:33:16":0,"s:34:4:34:Infinity":1,"f:37:6:37:23":1,"s:38:4:38:Infinity":2,"f:44:8:44:Infinity":2,"s:49:4:49:Infinity":3,"s:51:6:53:Infinity":4,"b:52:10:52:Infinity:53:10:53:Infinity":0,"s:54:4:54:Infinity":5,"f:57:8:57:15":3,"s:58:4:58:Infinity":6,"s:59:17:59:Infinity":7,"b:59:27:59:53:59:53:59:Infinity":1,"s:60:4:60:Infinity":8,"f:63:8:63:14":4,"s:64:4:64:Infinity":9,"s:65:4:65:Infinity":10,"f:68:8:68:50":5,"s:69:4:69:Infinity":11,"s:70:4:70:Infinity":12,"f:73:2:73:18":6,"b:74:4:81:Infinity:undefined:undefined:undefined:undefined":2,"s:74:4:81:Infinity":13,"s:75:6:75:Infinity":14,"s:76:6:80:Infinity":15,"s:77:8:77:Infinity":16,"f:84:3:84:17":7,"s:85:4:85:Infinity":17,"f:88:10:88:36":8,"b:89:4:91:Infinity:undefined:undefined:undefined:undefined":3,"s:89:4:91:Infinity":18,"s:90:6:90:Infinity":19}}}
,"/Users/giulioleone/Sviluppo/gauss/gauss-ts/src/sdk/middleware.ts": {"path":"/Users/giulioleone/Sviluppo/gauss/gauss-ts/src/sdk/middleware.ts","statementMap":{"0":{"start":{"line":15,"column":21},"end":{"line":15,"column":null}},"1":{"start":{"line":18,"column":4},"end":{"line":18,"column":null}},"2":{"start":{"line":22,"column":4},"end":{"line":22,"column":null}},"3":{"start":{"line":26,"column":4},"end":{"line":26,"column":null}},"4":{"start":{"line":27,"column":4},"end":{"line":27,"column":null}},"5":{"start":{"line":28,"column":4},"end":{"line":28,"column":null}},"6":{"start":{"line":32,"column":4},"end":{"line":32,"column":null}},"7":{"start":{"line":33,"column":4},"end":{"line":33,"column":null}},"8":{"start":{"line":34,"column":4},"end":{"line":34,"column":null}},"9":{"start":{"line":38,"column":4},"end":{"line":45,"column":null}},"10":{"start":{"line":39,"column":6},"end":{"line":39,"column":null}},"11":{"start":{"line":40,"column":6},"end":{"line":44,"column":null}},"12":{"start":{"line":41,"column":8},"end":{"line":41,"column":null}},"13":{"start":{"line":49,"column":4},"end":{"line":49,"column":null}},"14":{"start":{"line":53,"column":4},"end":{"line":55,"column":null}},"15":{"start":{"line":54,"column":6},"end":{"line":54,"column":null}}},"fnMap":{"0":{"name":"(anonymous_0)","decl":{"start":{"line":17,"column":2},"end":{"line":17,"column":16}},"loc":{"start":{"line":17,"column":16},"end":{"line":19,"column":null}},"line":17},"1":{"name":"(anonymous_1)","decl":{"start":{"line":21,"column":6},"end":{"line":21,"column":23}},"loc":{"start":{"line":21,"column":23},"end":{"line":23,"column":null}},"line":21},"2":{"name":"(anonymous_2)","decl":{"start":{"line":25,"column":2},"end":{"line":25,"column":21}},"loc":{"start":{"line":25,"column":21},"end":{"line":29,"column":null}},"line":25},"3":{"name":"(anonymous_3)","decl":{"start":{"line":31,"column":2},"end":{"line":31,"column":13}},"loc":{"start":{"line":31,"column":34},"end":{"line":35,"column":null}},"line":31},"4":{"name":"(anonymous_4)","decl":{"start":{"line":37,"column":2},"end":{"line":37,"column":18}},"loc":{"start":{"line":37,"column":18},"end":{"line":46,"column":null}},"line":37},"5":{"name":"(anonymous_5)","decl":{"start":{"line":48,"column":3},"end":{"line":48,"column":17}},"loc":{"start":{"line":48,"column":27},"end":{"line":50,"column":null}},"line":48},"6":{"name":"(anonymous_6)","decl":{"start":{"line":52,"column":10},"end":{"line":52,"column":36}},"loc":{"start":{"line":52,"column":36},"end":{"line":56,"column":null}},"line":52}},"branchMap":{"0":{"loc":{"start":{"line":38,"column":4},"end":{"line":45,"column":null}},"type":"if","locations":[{"start":{"line":38,"column":4},"end":{"line":45,"column":null}},{"start":{},"end":{}}],"line":38},"1":{"loc":{"start":{"line":53,"column":4},"end":{"line":55,"column":null}},"type":"if","locations":[{"start":{"line":53,"column":4},"end":{"line":55,"column":null}},{"start":{},"end":{}}],"line":53}},"s":{"0":1,"1":1,"2":1,"3":1,"4":1,"5":1,"6":1,"7":1,"8":1,"9":1,"10":1,"11":1,"12":1,"13":0,"14":2,"15":0},"f":{"0":1,"1":1,"2":1,"3":1,"4":1,"5":0,"6":2},"b":{"0":[1,0],"1":[0,2]},"meta":{"lastBranch":2,"lastFunction":7,"lastStatement":16,"seen":{"s:15:21:15:Infinity":0,"f:17:2:17:16":0,"s:18:4:18:Infinity":1,"f:21:6:21:23":1,"s:22:4:22:Infinity":2,"f:25:2:25:21":2,"s:26:4:26:Infinity":3,"s:27:4:27:Infinity":4,"s:28:4:28:Infinity":5,"f:31:2:31:13":3,"s:32:4:32:Infinity":6,"s:33:4:33:Infinity":7,"s:34:4:34:Infinity":8,"f:37:2:37:18":4,"b:38:4:45:Infinity:undefined:undefined:undefined:undefined":0,"s:38:4:45:Infinity":9,"s:39:6:39:Infinity":10,"s:40:6:44:Infinity":11,"s:41:8:41:Infinity":12,"f:48:3:48:17":5,"s:49:4:49:Infinity":13,"f:52:10:52:36":6,"b:53:4:55:Infinity:undefined:undefined:undefined:undefined":1,"s:53:4:55:Infinity":14,"s:54:6:54:Infinity":15}}}
,"/Users/giulioleone/Sviluppo/gauss/gauss-ts/src/sdk/network.ts": {"path":"/Users/giulioleone/Sviluppo/gauss/gauss-ts/src/sdk/network.ts","statementMap":{"0":{"start":{"line":18,"column":21},"end":{"line":18,"column":null}},"1":{"start":{"line":21,"column":4},"end":{"line":21,"column":null}},"2":{"start":{"line":25,"column":4},"end":{"line":25,"column":null}},"3":{"start":{"line":29,"column":4},"end":{"line":29,"column":null}},"4":{"start":{"line":30,"column":4},"end":{"line":35,"column":null}},"5":{"start":{"line":36,"column":4},"end":{"line":36,"column":null}},"6":{"start":{"line":40,"column":4},"end":{"line":40,"column":null}},"7":{"start":{"line":41,"column":4},"end":{"line":41,"column":null}},"8":{"start":{"line":42,"column":4},"end":{"line":42,"column":null}},"9":{"start":{"line":50,"column":4},"end":{"line":50,"column":null}},"10":{"start":{"line":51,"column":4},"end":{"line":51,"column":null}},"11":{"start":{"line":55,"column":4},"end":{"line":55,"column":null}},"12":{"start":{"line":56,"column":4},"end":{"line":56,"column":null}},"13":{"start":{"line":60,"column":4},"end":{"line":67,"column":null}},"14":{"start":{"line":61,"column":6},"end":{"line":61,"column":null}},"15":{"start":{"line":62,"column":6},"end":{"line":66,"column":null}},"16":{"start":{"line":63,"column":8},"end":{"line":63,"column":null}},"17":{"start":{"line":71,"column":4},"end":{"line":71,"column":null}},"18":{"start":{"line":75,"column":4},"end":{"line":77,"column":null}},"19":{"start":{"line":76,"column":6},"end":{"line":76,"column":null}}},"fnMap":{"0":{"name":"(anonymous_0)","decl":{"start":{"line":20,"column":2},"end":{"line":20,"column":16}},"loc":{"start":{"line":20,"column":16},"end":{"line":22,"column":null}},"line":20},"1":{"name":"(anonymous_1)","decl":{"start":{"line":24,"column":6},"end":{"line":24,"column":23}},"loc":{"start":{"line":24,"column":23},"end":{"line":26,"column":null}},"line":24},"2":{"name":"(anonymous_2)","decl":{"start":{"line":28,"column":2},"end":{"line":28,"column":11}},"loc":{"start":{"line":28,"column":54},"end":{"line":37,"column":null}},"line":28},"3":{"name":"(anonymous_3)","decl":{"start":{"line":39,"column":2},"end":{"line":39,"column":16}},"loc":{"start":{"line":39,"column":41},"end":{"line":43,"column":null}},"line":39},"4":{"name":"(anonymous_4)","decl":{"start":{"line":45,"column":8},"end":{"line":45,"column":null}},"loc":{"start":{"line":49,"column":22},"end":{"line":52,"column":null}},"line":49},"5":{"name":"(anonymous_5)","decl":{"start":{"line":54,"column":2},"end":{"line":54,"column":24}},"loc":{"start":{"line":54,"column":24},"end":{"line":57,"column":null}},"line":54},"6":{"name":"(anonymous_6)","decl":{"start":{"line":59,"column":2},"end":{"line":59,"column":18}},"loc":{"start":{"line":59,"column":18},"end":{"line":68,"column":null}},"line":59},"7":{"name":"(anonymous_7)","decl":{"start":{"line":70,"column":3},"end":{"line":70,"column":17}},"loc":{"start":{"line":70,"column":27},"end":{"line":72,"column":null}},"line":70},"8":{"name":"(anonymous_8)","decl":{"start":{"line":74,"column":10},"end":{"line":74,"column":36}},"loc":{"start":{"line":74,"column":36},"end":{"line":78,"column":null}},"line":74}},"branchMap":{"0":{"loc":{"start":{"line":60,"column":4},"end":{"line":67,"column":null}},"type":"if","locations":[{"start":{"line":60,"column":4},"end":{"line":67,"column":null}},{"start":{},"end":{}}],"line":60},"1":{"loc":{"start":{"line":75,"column":4},"end":{"line":77,"column":null}},"type":"if","locations":[{"start":{"line":75,"column":4},"end":{"line":77,"column":null}},{"start":{},"end":{}}],"line":75}},"s":{"0":1,"1":1,"2":0,"3":2,"4":2,"5":2,"6":1,"7":1,"8":1,"9":1,"10":1,"11":1,"12":1,"13":1,"14":1,"15":1,"16":1,"17":0,"18":5,"19":0},"f":{"0":1,"1":0,"2":2,"3":1,"4":1,"5":1,"6":1,"7":0,"8":5},"b":{"0":[1,0],"1":[0,5]},"meta":{"lastBranch":2,"lastFunction":9,"lastStatement":20,"seen":{"s:18:21:18:Infinity":0,"f:20:2:20:16":0,"s:21:4:21:Infinity":1,"f:24:6:24:23":1,"s:25:4:25:Infinity":2,"f:28:2:28:11":2,"s:29:4:29:Infinity":3,"s:30:4:35:Infinity":4,"s:36:4:36:Infinity":5,"f:39:2:39:16":3,"s:40:4:40:Infinity":6,"s:41:4:41:Infinity":7,"s:42:4:42:Infinity":8,"f:45:8:45:Infinity":4,"s:50:4:50:Infinity":9,"s:51:4:51:Infinity":10,"f:54:2:54:24":5,"s:55:4:55:Infinity":11,"s:56:4:56:Infinity":12,"f:59:2:59:18":6,"b:60:4:67:Infinity:undefined:undefined:undefined:undefined":0,"s:60:4:67:Infinity":13,"s:61:6:61:Infinity":14,"s:62:6:66:Infinity":15,"s:63:8:63:Infinity":16,"f:70:3:70:17":7,"s:71:4:71:Infinity":17,"f:74:10:74:36":8,"b:75:4:77:Infinity:undefined:undefined:undefined:undefined":1,"s:75:4:77:Infinity":18,"s:76:6:76:Infinity":19}}}
,"/Users/giulioleone/Sviluppo/gauss/gauss-ts/src/sdk/pipeline.ts": {"path":"/Users/giulioleone/Sviluppo/gauss/gauss-ts/src/sdk/pipeline.ts","statementMap":{"0":{"start":{"line":38,"column":15},"end":{"line":38,"column":null}},"1":{"start":{"line":39,"column":2},"end":{"line":41,"column":null}},"2":{"start":{"line":40,"column":4},"end":{"line":40,"column":null}},"3":{"start":{"line":42,"column":2},"end":{"line":42,"column":null}},"4":{"start":{"line":62,"column":22},"end":{"line":62,"column":null}},"5":{"start":{"line":63,"column":23},"end":{"line":63,"column":null}},"6":{"start":{"line":64,"column":16},"end":{"line":64,"column":null}},"7":{"start":{"line":64,"column":44},"end":{"line":64,"column":60}},"8":{"start":{"line":66,"column":18},"end":{"line":72,"column":null}},"9":{"start":{"line":67,"column":4},"end":{"line":71,"column":null}},"10":{"start":{"line":68,"column":20},"end":{"line":68,"column":null}},"11":{"start":{"line":69,"column":6},"end":{"line":69,"column":null}},"12":{"start":{"line":69,"column":18},"end":{"line":69,"column":null}},"13":{"start":{"line":70,"column":6},"end":{"line":70,"column":null}},"14":{"start":{"line":74,"column":2},"end":{"line":74,"column":null}},"15":{"start":{"line":75,"column":2},"end":{"line":75,"column":null}},"16":{"start":{"line":92,"column":16},"end":{"line":92,"column":null}},"17":{"start":{"line":93,"column":2},"end":{"line":93,"column":null}},"18":{"start":{"line":93,"column":32},"end":{"line":93,"column":40}},"19":{"start":{"line":114,"column":15},"end":{"line":114,"column":null}},"20":{"start":{"line":115,"column":2},"end":{"line":117,"column":null}},"21":{"start":{"line":115,"column":15},"end":{"line":115,"column":18}},"22":{"start":{"line":116,"column":4},"end":{"line":116,"column":null}},"23":{"start":{"line":118,"column":2},"end":{"line":118,"column":null}},"24":{"start":{"line":132,"column":2},"end":{"line":134,"column":null}},"25":{"start":{"line":132,"column":15},"end":{"line":132,"column":18}},"26":{"start":{"line":133,"column":4},"end":{"line":133,"column":null}},"27":{"start":{"line":135,"column":2},"end":{"line":135,"column":null}},"28":{"start":{"line":152,"column":2},"end":{"line":158,"column":null}},"29":{"start":{"line":153,"column":17},"end":{"line":153,"column":null}},"30":{"start":{"line":154,"column":4},"end":{"line":156,"column":null}},"31":{"start":{"line":155,"column":6},"end":{"line":155,"column":null}},"32":{"start":{"line":157,"column":4},"end":{"line":157,"column":null}}},"fnMap":{"0":{"name":"pipe","decl":{"start":{"line":37,"column":22},"end":{"line":37,"column":27}},"loc":{"start":{"line":37,"column":101},"end":{"line":43,"column":null}},"line":37},"1":{"name":"mapAsync","decl":{"start":{"line":57,"column":22},"end":{"line":57,"column":null}},"loc":{"start":{"line":61,"column":16},"end":{"line":76,"column":null}},"line":61},"2":{"name":"(anonymous_2)","decl":{"start":{"line":64,"column":26},"end":{"line":64,"column":27}},"loc":{"start":{"line":64,"column":44},"end":{"line":64,"column":60}},"line":64},"3":{"name":"(anonymous_3)","decl":{"start":{"line":66,"column":78},"end":{"line":66,"column":90}},"loc":{"start":{"line":66,"column":90},"end":{"line":72,"column":3}},"line":66},"4":{"name":"filterAsync","decl":{"start":{"line":87,"column":22},"end":{"line":87,"column":null}},"loc":{"start":{"line":91,"column":16},"end":{"line":94,"column":null}},"line":91},"5":{"name":"(anonymous_5)","decl":{"start":{"line":93,"column":22},"end":{"line":93,"column":23}},"loc":{"start":{"line":93,"column":32},"end":{"line":93,"column":40}},"line":93},"6":{"name":"reduceAsync","decl":{"start":{"line":109,"column":22},"end":{"line":109,"column":null}},"loc":{"start":{"line":113,"column":14},"end":{"line":119,"column":null}},"line":113},"7":{"name":"tapAsync","decl":{"start":{"line":128,"column":22},"end":{"line":128,"column":null}},"loc":{"start":{"line":131,"column":16},"end":{"line":136,"column":null}},"line":131},"8":{"name":"compose","decl":{"start":{"line":151,"column":16},"end":{"line":151,"column":30}},"loc":{"start":{"line":151,"column":69},"end":{"line":159,"column":null}},"line":151},"9":{"name":"(anonymous_9)","decl":{"start":{"line":152,"column":9},"end":{"line":152,"column":16}},"loc":{"start":{"line":152,"column":41},"end":{"line":158,"column":null}},"line":152}},"branchMap":{"0":{"loc":{"start":{"line":62,"column":22},"end":{"line":62,"column":null}},"type":"binary-expr","locations":[{"start":{"line":62,"column":22},"end":{"line":62,"column":46}},{"start":{"line":62,"column":46},"end":{"line":62,"column":null}}],"line":62},"1":{"loc":{"start":{"line":69,"column":6},"end":{"line":69,"column":null}},"type":"if","locations":[{"start":{"line":69,"column":6},"end":{"line":69,"column":null}},{"start":{},"end":{}}],"line":69}},"s":{"0":106,"1":106,"2":9,"3":105,"4":210,"5":210,"6":210,"7":889,"8":210,"9":885,"10":889,"11":889,"12":0,"13":889,"14":210,"15":209,"16":103,"17":103,"18":419,"19":103,"20":103,"21":103,"22":438,"23":103,"24":2,"25":2,"26":3,"27":2,"28":103,"29":103,"30":103,"31":203,"32":103},"f":{"0":106,"1":210,"2":889,"3":885,"4":103,"5":419,"6":103,"7":2,"8":103,"9":103},"b":{"0":[210,208],"1":[0,889]},"meta":{"lastBranch":2,"lastFunction":10,"lastStatement":33,"seen":{"f:37:22:37:27":0,"s:38:15:38:Infinity":0,"s:39:2:41:Infinity":1,"s:40:4:40:Infinity":2,"s:42:2:42:Infinity":3,"f:57:22:57:Infinity":1,"s:62:22:62:Infinity":4,"b:62:22:62:46:62:46:62:Infinity":0,"s:63:23:63:Infinity":5,"s:64:16:64:Infinity":6,"f:64:26:64:27":2,"s:64:44:64:60":7,"s:66:18:72:Infinity":8,"f:66:78:66:90":3,"s:67:4:71:Infinity":9,"s:68:20:68:Infinity":10,"b:69:6:69:Infinity:undefined:undefined:undefined:undefined":1,"s:69:6:69:Infinity":11,"s:69:18:69:Infinity":12,"s:70:6:70:Infinity":13,"s:74:2:74:Infinity":14,"s:75:2:75:Infinity":15,"f:87:22:87:Infinity":4,"s:92:16:92:Infinity":16,"s:93:2:93:Infinity":17,"f:93:22:93:23":5,"s:93:32:93:40":18,"f:109:22:109:Infinity":6,"s:114:15:114:Infinity":19,"s:115:2:117:Infinity":20,"s:115:15:115:18":21,"s:116:4:116:Infinity":22,"s:118:2:118:Infinity":23,"f:128:22:128:Infinity":7,"s:132:2:134:Infinity":24,"s:132:15:132:18":25,"s:133:4:133:Infinity":26,"s:135:2:135:Infinity":27,"f:151:16:151:30":8,"s:152:2:158:Infinity":28,"f:152:9:152:16":9,"s:153:17:153:Infinity":29,"s:154:4:156:Infinity":30,"s:155:6:155:Infinity":31,"s:157:4:157:Infinity":32}}}
,"/Users/giulioleone/Sviluppo/gauss/gauss-ts/src/sdk/plugin.ts": {"path":"/Users/giulioleone/Sviluppo/gauss/gauss-ts/src/sdk/plugin.ts","statementMap":{"0":{"start":{"line":17,"column":21},"end":{"line":17,"column":null}},"1":{"start":{"line":20,"column":4},"end":{"line":20,"column":null}},"2":{"start":{"line":24,"column":4},"end":{"line":24,"column":null}},"3":{"start":{"line":28,"column":4},"end":{"line":28,"column":null}},"4":{"start":{"line":29,"column":4},"end":{"line":29,"column":null}},"5":{"start":{"line":30,"column":4},"end":{"line":30,"column":null}},"6":{"start":{"line":34,"column":4},"end":{"line":34,"column":null}},"7":{"start":{"line":35,"column":4},"end":{"line":35,"column":null}},"8":{"start":{"line":36,"column":4},"end":{"line":36,"column":null}},"9":{"start":{"line":40,"column":4},"end":{"line":40,"column":null}},"10":{"start":{"line":41,"column":4},"end":{"line":41,"column":null}},"11":{"start":{"line":45,"column":4},"end":{"line":45,"column":null}},"12":{"start":{"line":46,"column":4},"end":{"line":46,"column":null}},"13":{"start":{"line":50,"column":4},"end":{"line":57,"column":null}},"14":{"start":{"line":51,"column":6},"end":{"line":51,"column":null}},"15":{"start":{"line":52,"column":6},"end":{"line":56,"column":null}},"16":{"start":{"line":53,"column":8},"end":{"line":53,"column":null}},"17":{"start":{"line":61,"column":4},"end":{"line":61,"column":null}},"18":{"start":{"line":65,"column":4},"end":{"line":67,"column":null}},"19":{"start":{"line":66,"column":6},"end":{"line":66,"column":null}}},"fnMap":{"0":{"name":"(anonymous_0)","decl":{"start":{"line":19,"column":2},"end":{"line":19,"column":16}},"loc":{"start":{"line":19,"column":16},"end":{"line":21,"column":null}},"line":19},"1":{"name":"(anonymous_1)","decl":{"start":{"line":23,"column":6},"end":{"line":23,"column":23}},"loc":{"start":{"line":23,"column":23},"end":{"line":25,"column":null}},"line":23},"2":{"name":"(anonymous_2)","decl":{"start":{"line":27,"column":2},"end":{"line":27,"column":23}},"loc":{"start":{"line":27,"column":23},"end":{"line":31,"column":null}},"line":27},"3":{"name":"(anonymous_3)","decl":{"start":{"line":33,"column":2},"end":{"line":33,"column":20}},"loc":{"start":{"line":33,"column":20},"end":{"line":37,"column":null}},"line":33},"4":{"name":"(anonymous_4)","decl":{"start":{"line":39,"column":2},"end":{"line":39,"column":19}},"loc":{"start":{"line":39,"column":19},"end":{"line":42,"column":null}},"line":39},"5":{"name":"(anonymous_5)","decl":{"start":{"line":44,"column":2},"end":{"line":44,"column":7}},"loc":{"start":{"line":44,"column":45},"end":{"line":47,"column":null}},"line":44},"6":{"name":"(anonymous_6)","decl":{"start":{"line":49,"column":2},"end":{"line":49,"column":18}},"loc":{"start":{"line":49,"column":18},"end":{"line":58,"column":null}},"line":49},"7":{"name":"(anonymous_7)","decl":{"start":{"line":60,"column":3},"end":{"line":60,"column":17}},"loc":{"start":{"line":60,"column":27},"end":{"line":62,"column":null}},"line":60},"8":{"name":"(anonymous_8)","decl":{"start":{"line":64,"column":10},"end":{"line":64,"column":36}},"loc":{"start":{"line":64,"column":36},"end":{"line":68,"column":null}},"line":64}},"branchMap":{"0":{"loc":{"start":{"line":50,"column":4},"end":{"line":57,"column":null}},"type":"if","locations":[{"start":{"line":50,"column":4},"end":{"line":57,"column":null}},{"start":{},"end":{}}],"line":50},"1":{"loc":{"start":{"line":65,"column":4},"end":{"line":67,"column":null}},"type":"if","locations":[{"start":{"line":65,"column":4},"end":{"line":67,"column":null}},{"start":{},"end":{}}],"line":65}},"s":{"0":1,"1":1,"2":0,"3":1,"4":1,"5":1,"6":1,"7":1,"8":1,"9":1,"10":1,"11":1,"12":1,"13":1,"14":1,"15":1,"16":1,"17":0,"18":4,"19":0},"f":{"0":1,"1":0,"2":1,"3":1,"4":1,"5":1,"6":1,"7":0,"8":4},"b":{"0":[1,0],"1":[0,4]},"meta":{"lastBranch":2,"lastFunction":9,"lastStatement":20,"seen":{"s:17:21:17:Infinity":0,"f:19:2:19:16":0,"s:20:4:20:Infinity":1,"f:23:6:23:23":1,"s:24:4:24:Infinity":2,"f:27:2:27:23":2,"s:28:4:28:Infinity":3,"s:29:4:29:Infinity":4,"s:30:4:30:Infinity":5,"f:33:2:33:20":3,"s:34:4:34:Infinity":6,"s:35:4:35:Infinity":7,"s:36:4:36:Infinity":8,"f:39:2:39:19":4,"s:40:4:40:Infinity":9,"s:41:4:41:Infinity":10,"f:44:2:44:7":5,"s:45:4:45:Infinity":11,"s:46:4:46:Infinity":12,"f:49:2:49:18":6,"b:50:4:57:Infinity:undefined:undefined:undefined:undefined":0,"s:50:4:57:Infinity":13,"s:51:6:51:Infinity":14,"s:52:6:56:Infinity":15,"s:53:8:53:Infinity":16,"f:60:3:60:17":7,"s:61:4:61:Infinity":17,"f:64:10:64:36":8,"b:65:4:67:Infinity:undefined:undefined:undefined:undefined":1,"s:65:4:67:Infinity":18,"s:66:6:66:Infinity":19}}}
,"/Users/giulioleone/Sviluppo/gauss/gauss-ts/src/sdk/resilience.ts": {"path":"/Users/giulioleone/Sviluppo/gauss/gauss-ts/src/sdk/resilience.ts","statementMap":{"0":{"start":{"line":20,"column":2},"end":{"line":20,"column":null}},"1":{"start":{"line":32,"column":2},"end":{"line":36,"column":null}},"2":{"start":{"line":48,"column":2},"end":{"line":52,"column":null}},"3":{"start":{"line":63,"column":2},"end":{"line":67,"column":null}},"4":{"start":{"line":65,"column":25},"end":{"line":65,"column":33}}},"fnMap":{"0":{"name":"createFallbackProvider","decl":{"start":{"line":17,"column":16},"end":{"line":17,"column":null}},"loc":{"start":{"line":19,"column":10},"end":{"line":21,"column":null}},"line":19},"1":{"name":"createCircuitBreaker","decl":{"start":{"line":27,"column":16},"end":{"line":27,"column":null}},"loc":{"start":{"line":31,"column":10},"end":{"line":37,"column":null}},"line":31},"2":{"name":"createResilientProvider","decl":{"start":{"line":43,"column":16},"end":{"line":43,"column":null}},"loc":{"start":{"line":47,"column":10},"end":{"line":53,"column":null}},"line":47},"3":{"name":"createResilientAgent","decl":{"start":{"line":58,"column":16},"end":{"line":58,"column":null}},"loc":{"start":{"line":62,"column":10},"end":{"line":68,"column":null}},"line":62},"4":{"name":"(anonymous_4)","decl":{"start":{"line":65,"column":18},"end":{"line":65,"column":19}},"loc":{"start":{"line":65,"column":25},"end":{"line":65,"column":33}},"line":65}},"branchMap":{"0":{"loc":{"start":{"line":61,"column":2},"end":{"line":61,"column":null}},"type":"default-arg","locations":[{"start":{"line":61,"column":25},"end":{"line":61,"column":null}}],"line":61}},"s":{"0":1,"1":1,"2":1,"3":0,"4":0},"f":{"0":1,"1":1,"2":1,"3":0,"4":0},"b":{"0":[0]},"meta":{"lastBranch":1,"lastFunction":5,"lastStatement":5,"seen":{"f:17:16:17:Infinity":0,"s:20:2:20:Infinity":0,"f:27:16:27:Infinity":1,"s:32:2:36:Infinity":1,"f:43:16:43:Infinity":2,"s:48:2:52:Infinity":2,"f:58:16:58:Infinity":3,"b:61:25:61:Infinity":0,"s:63:2:67:Infinity":3,"f:65:18:65:19":4,"s:65:25:65:33":4}}}
[...]
,"/Users/giulioleone/Sviluppo/gauss/gauss-ts/src/sdk/template.ts": {"path":"/Users/giulioleone/Sviluppo/gauss/gauss-ts/src/sdk/template.ts","statementMap":{"0":{"start":{"line":41,"column":20},"end":{"line":41,"column":null}},"1":{"start":{"line":52,"column":20},"end":{"line":54,"column":null}},"2":{"start":{"line":53,"column":57},"end":{"line":53,"column":61}},"3":{"start":{"line":56,"column":13},"end":{"line":64,"column":null}},"4":{"start":{"line":57,"column":4},"end":{"line":63,"column":null}},"5":{"start":{"line":58,"column":21},"end":{"line":58,"column":null}},"6":{"start":{"line":59,"column":6},"end":{"line":61,"column":null}},"7":{"start":{"line":60,"column":8},"end":{"line":60,"column":null}},"8":{"start":{"line":62,"column":6},"end":{"line":62,"column":null}},"9":{"start":{"line":66,"column":2},"end":{"line":66,"column":null}},"10":{"start":{"line":67,"column":2},"end":{"line":67,"column":null}},"11":{"start":{"line":69,"column":2},"end":{"line":69,"column":null}},"12":{"start":{"line":75,"column":25},"end":{"line":77,"column":null}},"13":{"start":{"line":80,"column":25},"end":{"line":82,"column":null}},"14":{"start":{"line":85,"column":26},"end":{"line":87,"column":null}},"15":{"start":{"line":90,"column":24},"end":{"line":92,"column":null}},"16":{"start":{"line":95,"column":23},"end":{"line":97,"column":null}}},"fnMap":{"0":{"name":"template","decl":{"start":{"line":51,"column":16},"end":{"line":51,"column":43}},"loc":{"start":{"line":51,"column":78},"end":{"line":70,"column":null}},"line":51},"1":{"name":"(anonymous_1)","decl":{"start":{"line":53,"column":50},"end":{"line":53,"column":51}},"loc":{"start":{"line":53,"column":57},"end":{"line":53,"column":61}},"line":53},"2":{"name":"(anonymous_2)","decl":{"start":{"line":56,"column":13},"end":{"line":56,"column":14}},"loc":{"start":{"line":56,"column":48},"end":{"line":64,"column":null}},"line":56},"3":{"name":"(anonymous_3)","decl":{"start":{"line":57,"column":44},"end":{"line":57,"column":45}},"loc":{"start":{"line":57,"column":56},"end":{"line":63,"column":5}},"line":57}},"branchMap":{"0":{"loc":{"start":{"line":59,"column":6},"end":{"line":61,"column":null}},"type":"if","locations":[{"start":{"line":59,"column":6},"end":{"line":61,"column":null}},{"start":{},"end":{}}],"line":59}},"s":{"0":2,"1":225,"2":817,"3":225,"4":117,"5":322,"6":322,"7":1,"8":321,"9":225,"10":225,"11":225,"12":2,"13":2,"14":2,"15":2,"16":2},"f":{"0":225,"1":817,"2":117,"3":322},"b":{"0":[1,321]},"meta":{"lastBranch":1,"lastFunction":4,"lastStatement":17,"seen":{"s:41:20:41:Infinity":0,"f:51:16:51:43":0,"s:52:20:54:Infinity":1,"f:53:50:53:51":1,"s:53:57:53:61":2,"s:56:13:64:Infinity":3,"f:56:13:56:14":2,"s:57:4:63:Infinity":4,"f:57:44:57:45":3,"s:58:21:58:Infinity":5,"b:59:6:61:Infinity:undefined:undefined:undefined:undefined":0,"s:59:6:61:Infinity":6,"s:60:8:60:Infinity":7,"s:62:6:62:Infinity":8,"s:66:2:66:Infinity":9,"s:67:2:67:Infinity":10,"s:69:2:69:Infinity":11,"s:75:25:77:Infinity":12,"s:80:25:82:Infinity":13,"s:85:26:87:Infinity":14,"s:90:24:92:Infinity":15,"s:95:23:97:Infinity":16}}}
,"/Users/giulioleone/Sviluppo/gauss/gauss-ts/src/sdk/tokens.ts": {"path":"/Users/giulioleone/Sviluppo/gauss/gauss-ts/src/sdk/tokens.ts","statementMap":{"0":{"start":{"line":14,"column":2},"end":{"line":14,"column":null}},"1":{"start":{"line":18,"column":2},"end":{"line":18,"column":null}},"2":{"start":{"line":22,"column":2},"end":{"line":22,"column":null}},"3":{"start":{"line":26,"column":2},"end":{"line":26,"column":null}}},"fnMap":{"0":{"name":"countTokens","decl":{"start":{"line":13,"column":16},"end":{"line":13,"column":28}},"loc":{"start":{"line":13,"column":50},"end":{"line":15,"column":null}},"line":13},"1":{"name":"countTokensForModel","decl":{"start":{"line":17,"column":16},"end":{"line":17,"column":36}},"loc":{"start":{"line":17,"column":73},"end":{"line":19,"column":null}},"line":17},"2":{"name":"countMessageTokens","decl":{"start":{"line":21,"column":16},"end":{"line":21,"column":35}},"loc":{"start":{"line":21,"column":66},"end":{"line":23,"column":null}},"line":21},"3":{"name":"getContextWindowSize","decl":{"start":{"line":25,"column":16},"end":{"line":25,"column":37}},"loc":{"start":{"line":25,"column":60},"end":{"line":27,"column":null}},"line":25}},"branchMap":{},"s":{"0":1,"1":1,"2":1,"3":1},"f":{"0":1,"1":1,"2":1,"3":1},"b":{},"meta":{"lastBranch":0,"lastFunction":4,"lastStatement":4,"seen":{"f:13:16:13:28":0,"s:14:2:14:Infinity":0,"f:17:16:17:36":1,"s:18:2:18:Infinity":1,"f:21:16:21:35":2,"s:22:2:22:Infinity":2,"f:25:16:25:37":3,"s:26:2:26:Infinity":3}}}
,"/Users/giulioleone/Sviluppo/gauss/gauss-ts/src/sdk/tool-validator.ts": {"path":"/Users/giulioleone/Sviluppo/gauss/gauss-ts/src/sdk/tool-validator.ts","statementMap":{"0":{"start":{"line":14,"column":21},"end":{"line":14,"column":null}},"1":{"start":{"line":17,"column":4},"end":{"line":17,"column":null}},"2":{"start":{"line":21,"column":4},"end":{"line":21,"column":null}},"3":{"start":{"line":28,"column":4},"end":{"line":28,"column":null}},"4":{"start":{"line":29,"column":4},"end":{"line":35,"column":null}},"5":{"start":{"line":39,"column":4},"end":{"line":46,"column":null}},"6":{"start":{"line":40,"column":6},"end":{"line":40,"column":null}},"7":{"start":{"line":41,"column":6},"end":{"line":45,"column":null}},"8":{"start":{"line":42,"column":8},"end":{"line":42,"column":null}},"9":{"start":{"line":50,"column":4},"end":{"line":50,"column":null}},"10":{"start":{"line":54,"column":4},"end":{"line":56,"column":null}},"11":{"start":{"line":55,"column":6},"end":{"line":55,"column":null}}},"fnMap":{"0":{"name":"(anonymous_0)","decl":{"start":{"line":16,"column":2},"end":{"line":16,"column":14}},"loc":{"start":{"line":16,"column":47},"end":{"line":18,"column":null}},"line":16},"1":{"name":"(anonymous_1)","decl":{"start":{"line":20,"column":6},"end":{"line":20,"column":23}},"loc":{"start":{"line":20,"column":23},"end":{"line":22,"column":null}},"line":20},"2":{"name":"(anonymous_2)","decl":{"start":{"line":24,"column":2},"end":{"line":24,"column":null}},"loc":{"start":{"line":27,"column":13},"end":{"line":36,"column":null}},"line":27},"3":{"name":"(anonymous_3)","decl":{"start":{"line":38,"column":2},"end":{"line":38,"column":18}},"loc":{"start":{"line":38,"column":18},"end":{"line":47,"column":null}},"line":38},"4":{"name":"(anonymous_4)","decl":{"start":{"line":49,"column":3},"end":{"line":49,"column":17}},"loc":{"start":{"line":49,"column":27},"end":{"line":51,"column":null}},"line":49},"5":{"name":"(anonymous_5)","decl":{"start":{"line":53,"column":10},"end":{"line":53,"column":36}},"loc":{"start":{"line":53,"column":36},"end":{"line":57,"column":null}},"line":53}},"branchMap":{"0":{"loc":{"start":{"line":39,"column":4},"end":{"line":46,"column":null}},"type":"if","locations":[{"start":{"line":39,"column":4},"end":{"line":46,"column":null}},{"start":{},"end":{}}],"line":39},"1":{"loc":{"start":{"line":54,"column":4},"end":{"line":56,"column":null}},"type":"if","locations":[{"start":{"line":54,"column":4},"end":{"line":56,"column":null}},{"start":{},"end":{}}],"line":54}},"s":{"0":1,"1":1,"2":0,"3":1,"4":1,"5":1,"6":1,"7":1,"8":1,"9":0,"10":1,"11":0},"f":{"0":1,"1":0,"2":1,"3":1,"4":0,"5":1},"b":{"0":[1,0],"1":[0,1]},"meta":{"lastBranch":2,"lastFunction":6,"lastStatement":12,"seen":{"s:14:21:14:Infinity":0,"f:16:2:16:14":0,"s:17:4:17:Infinity":1,"f:20:6:20:23":1,"s:21:4:21:Infinity":2,"f:24:2:24:Infinity":2,"s:28:4:28:Infinity":3,"s:29:4:35:Infinity":4,"f:38:2:38:18":3,"b:39:4:46:Infinity:undefined:undefined:undefined:undefined":0,"s:39:4:46:Infinity":5,"s:40:6:40:Infinity":6,"s:41:6:45:Infinity":7,"s:42:8:42:Infinity":8,"f:49:3:49:17":4,"s:50:4:50:Infinity":9,"f:53:10:53:36":5,"b:54:4:56:Infinity:undefined:undefined:undefined:undefined":1,"s:54:4:56:Infinity":10,"s:55:6:55:Infinity":11}}}
,"/Users/giulioleone/Sviluppo/gauss/gauss-ts/src/sdk/types.ts": {"path":"/Users/giulioleone/Sviluppo/gauss/gauss-ts/src/sdk/types.ts","statementMap":{"0":{"start":{"line":137,"column":41},"end":{"line":144,"column":null}},"1":{"start":{"line":148,"column":14},"end":{"line":148,"column":null}},"2":{"start":{"line":149,"column":2},"end":{"line":149,"column":null}},"3":{"start":{"line":149,"column":12},"end":{"line":149,"column":null}},"4":{"start":{"line":150,"column":2},"end":{"line":150,"column":null}},"5":{"start":{"line":155,"column":80},"end":{"line":161,"column":null}},"6":{"start":{"line":162,"column":2},"end":{"line":166,"column":null}},"7":{"start":{"line":163,"column":4},"end":{"line":165,"column":null}},"8":{"start":{"line":164,"column":6},"end":{"line":164,"column":null}},"9":{"start":{"line":167,"column":2},"end":{"line":167,"column":null}}},"fnMap":{"0":{"name":"resolveApiKey","decl":{"start":{"line":147,"column":16},"end":{"line":147,"column":30}},"loc":{"start":{"line":147,"column":62},"end":{"line":151,"column":null}},"line":147},"1":{"name":"detectProvider","decl":{"start":{"line":154,"column":16},"end":{"line":154,"column":88}},"loc":{"start":{"line":154,"column":88},"end":{"line":168,"column":null}},"line":154}},"branchMap":{"0":{"loc":{"start":{"line":148,"column":14},"end":{"line":148,"column":null}},"type":"binary-expr","locations":[{"start":{"line":148,"column":14},"end":{"line":148,"column":36}},{"start":{"line":148,"column":36},"end":{"line":148,"column":null}}],"line":148},"1":{"loc":{"start":{"line":149,"column":2},"end":{"line":149,"column":null}},"type":"if","locations":[{"start":{"line":149,"column":2},"end":{"line":149,"column":null}},{"start":{},"end":{}}],"line":149},"2":{"loc":{"start":{"line":150,"column":2},"end":{"line":150,"column":null}},"type":"binary-expr","locations":[{"start":{"line":150,"column":10},"end":{"line":150,"column":69}},{"start":{"line":150,"column":69},"end":{"line":150,"column":null}}],"line":150},"3":{"loc":{"start":{"line":150,"column":10},"end":{"line":150,"column":69}},"type":"cond-expr","locations":[{"start":{"line":150,"column":43},"end":{"line":150,"column":62}},{"start":{"line":150,"column":62},"end":{"line":150,"column":69}}],"line":150},"4":{"loc":{"start":{"line":163,"column":4},"end":{"line":165,"column":null}},"type":"if","locations":[{"start":{"line":163,"column":4},"end":{"line":165,"column":null}},{"start":{},"end":{}}],"line":163},"5":{"loc":{"start":{"line":163,"column":8},"end":{"line":163,"column":60}},"type":"binary-expr","locations":[{"start":{"line":163,"column":8},"end":{"line":163,"column":42}},{"start":{"line":163,"column":42},"end":{"line":163,"column":60}}],"line":163}},"s":{"0":4,"1":9,"2":9,"3":0,"4":9,"5":42,"6":42,"7":206,"8":1,"9":41},"f":{"0":9,"1":42},"b":{"0":[9,0],"1":[0,9],"2":[9,8],"3":[9,0],"4":[1,205],"5":[206,206]},"meta":{"lastBranch":6,"lastFunction":2,"lastStatement":10,"seen":{"s:137:41:144:Infinity":0,"f:147:16:147:30":0,"s:148:14:148:Infinity":1,"b:148:14:148:36:148:36:148:Infinity":0,"b:149:2:149:Infinity:undefined:undefined:undefined:undefined":1,"s:149:2:149:Infinity":2,"s:149:12:149:Infinity":3,"s:150:2:150:Infinity":4,"b:150:10:150:69:150:69:150:Infinity":2,"b:150:43:150:62:150:62:150:69":3,"f:154:16:154:88":1,"s:155:80:161:Infinity":5,"s:162:2:166:Infinity":6,"b:163:4:165:Infinity:undefined:undefined:undefined:undefined":4,"s:163:4:165:Infinity":7,"b:163:8:163:42:163:42:163:60":5,"s:164:6:164:Infinity":8,"s:167:2:167:Infinity":9}}}
,"/Users/giulioleone/Sviluppo/gauss/gauss-ts/src/sdk/vector-store.ts": {"path":"/Users/giulioleone/Sviluppo/gauss/gauss-ts/src/sdk/vector-store.ts","statementMap":{"0":{"start":{"line":21,"column":21},"end":{"line":21,"column":null}},"1":{"start":{"line":24,"column":4},"end":{"line":24,"column":null}},"2":{"start":{"line":28,"column":4},"end":{"line":28,"column":null}},"3":{"start":{"line":32,"column":4},"end":{"line":32,"column":null}},"4":{"start":{"line":33,"column":4},"end":{"line":33,"column":null}},"5":{"start":{"line":37,"column":4},"end":{"line":37,"column":null}},"6":{"start":{"line":38,"column":4},"end":{"line":42,"column":null}},"7":{"start":{"line":46,"column":4},"end":{"line":53,"column":null}},"8":{"start":{"line":47,"column":6},"end":{"line":47,"column":null}},"9":{"start":{"line":48,"column":6},"end":{"line":52,"column":null}},"10":{"start":{"line":49,"column":8},"end":{"line":49,"column":null}},"11":{"start":{"line":57,"column":4},"end":{"line":57,"column":null}},"12":{"start":{"line":61,"column":4},"end":{"line":63,"column":null}},"13":{"start":{"line":62,"column":6},"end":{"line":62,"column":null}},"14":{"start":{"line":67,"column":4},"end":{"line":67,"column":null}}},"fnMap":{"0":{"name":"(anonymous_0)","decl":{"start":{"line":23,"column":2},"end":{"line":23,"column":16}},"loc":{"start":{"line":23,"column":16},"end":{"line":25,"column":null}},"line":23},"1":{"name":"(anonymous_1)","decl":{"start":{"line":27,"column":6},"end":{"line":27,"column":23}},"loc":{"start":{"line":27,"column":23},"end":{"line":29,"column":null}},"line":27},"2":{"name":"(anonymous_2)","decl":{"start":{"line":31,"column":8},"end":{"line":31,"column":15}},"loc":{"start":{"line":31,"column":53},"end":{"line":34,"column":null}},"line":31},"3":{"name":"(anonymous_3)","decl":{"start":{"line":36,"column":8},"end":{"line":36,"column":15}},"loc":{"start":{"line":36,"column":75},"end":{"line":43,"column":null}},"line":36},"4":{"name":"(anonymous_4)","decl":{"start":{"line":45,"column":2},"end":{"line":45,"column":18}},"loc":{"start":{"line":45,"column":18},"end":{"line":54,"column":null}},"line":45},"5":{"name":"(anonymous_5)","decl":{"start":{"line":56,"column":3},"end":{"line":56,"column":17}},"loc":{"start":{"line":56,"column":27},"end":{"line":58,"column":null}},"line":56},"6":{"name":"(anonymous_6)","decl":{"start":{"line":60,"column":10},"end":{"line":60,"column":36}},"loc":{"start":{"line":60,"column":36},"end":{"line":64,"column":null}},"line":60},"7":{"name":"(anonymous_7)","decl":{"start":{"line":66,"column":9},"end":{"line":66,"column":26}},"loc":{"start":{"line":66,"column":60},"end":{"line":68,"column":null}},"line":66}},"branchMap":{"0":{"loc":{"start":{"line":46,"column":4},"end":{"line":53,"column":null}},"type":"if","locations":[{"start":{"line":46,"column":4},"end":{"line":53,"column":null}},{"start":{},"end":{}}],"line":46},"1":{"loc":{"start":{"line":61,"column":4},"end":{"line":63,"column":null}},"type":"if","locations":[{"start":{"line":61,"column":4},"end":{"line":63,"column":null}},{"start":{},"end":{}}],"line":61}},"s":{"0":1,"1":1,"2":0,"3":1,"4":1,"5":1,"6":1,"7":1,"8":1,"9":1,"10":1,"11":0,"12":2,"13":0,"14":1},"f":{"0":1,"1":0,"2":1,"3":1,"4":1,"5":0,"6":2,"7":1},"b":{"0":[1,0],"1":[0,2]},"meta":{"lastBranch":2,"lastFunction":8,"lastStatement":15,"seen":{"s:21:21:21:Infinity":0,"f:23:2:23:16":0,"s:24:4:24:Infinity":1,"f:27:6:27:23":1,"s:28:4:28:Infinity":2,"f:31:8:31:15":2,"s:32:4:32:Infinity":3,"s:33:4:33:Infinity":4,"f:36:8:36:15":3,"s:37:4:37:Infinity":5,"s:38:4:42:Infinity":6,"f:45:2:45:18":4,"b:46:4:53:Infinity:undefined:undefined:undefined:undefined":0,"s:46:4:53:Infinity":7,"s:47:6:47:Infinity":8,"s:48:6:52:Infinity":9,"s:49:8:49:Infinity":10,"f:56:3:56:17":5,"s:57:4:57:Infinity":11,"f:60:10:60:36":6,"b:61:4:63:Infinity:undefined:undefined:undefined:undefined":1,"s:61:4:63:Infinity":12,"s:62:6:62:Infinity":13,"f:66:9:66:26":7,"s:67:4:67:Infinity":14}}}
,"/Users/giulioleone/Sviluppo/gauss/gauss-ts/src/sdk/workflow.ts": {"path":"/Users/giulioleone/Sviluppo/gauss/gauss-ts/src/sdk/workflow.ts","statementMap":{"0":{"start":{"line":24,"column":21},"end":{"line":24,"column":null}},"1":{"start":{"line":27,"column":4},"end":{"line":27,"column":null}},"2":{"start":{"line":31,"column":4},"end":{"line":31,"column":null}},"3":{"start":{"line":35,"column":4},"end":{"line":35,"column":null}},"4":{"start":{"line":36,"column":4},"end":{"line":43,"column":null}},"5":{"start":{"line":44,"column":4},"end":{"line":44,"column":null}},"6":{"start":{"line":48,"column":4},"end":{"line":48,"column":null}},"7":{"start":{"line":49,"column":4},"end":{"line":49,"column":null}},"8":{"start":{"line":50,"column":4},"end":{"line":50,"column":null}},"9":{"start":{"line":54,"column":4},"end":{"line":54,"column":null}},"10":{"start":{"line":55,"column":4},"end":{"line":55,"column":null}},"11":{"start":{"line":61,"column":4},"end":{"line":68,"column":null}},"12":{"start":{"line":62,"column":6},"end":{"line":62,"column":null}},"13":{"start":{"line":63,"column":6},"end":{"line":67,"column":null}},"14":{"start":{"line":64,"column":8},"end":{"line":64,"column":null}},"15":{"start":{"line":72,"column":4},"end":{"line":72,"column":null}},"16":{"start":{"line":76,"column":4},"end":{"line":78,"column":null}},"17":{"start":{"line":77,"column":6},"end":{"line":77,"column":null}}},"fnMap":{"0":{"name":"(anonymous_0)","decl":{"start":{"line":26,"column":2},"end":{"line":26,"column":16}},"loc":{"start":{"line":26,"column":16},"end":{"line":28,"column":null}},"line":26},"1":{"name":"(anonymous_1)","decl":{"start":{"line":30,"column":6},"end":{"line":30,"column":23}},"loc":{"start":{"line":30,"column":23},"end":{"line":32,"column":null}},"line":30},"2":{"name":"(anonymous_2)","decl":{"start":{"line":34,"column":2},"end":{"line":34,"column":10}},"loc":{"start":{"line":34,"column":44},"end":{"line":45,"column":null}},"line":34},"3":{"name":"(anonymous_3)","decl":{"start":{"line":47,"column":2},"end":{"line":47,"column":16}},"loc":{"start":{"line":47,"column":57},"end":{"line":51,"column":null}},"line":47},"4":{"name":"(anonymous_4)","decl":{"start":{"line":53,"column":8},"end":{"line":53,"column":12}},"loc":{"start":{"line":53,"column":62},"end":{"line":58,"column":null}},"line":53},"5":{"name":"(anonymous_5)","decl":{"start":{"line":60,"column":2},"end":{"line":60,"column":18}},"loc":{"start":{"line":60,"column":18},"end":{"line":69,"column":null}},"line":60},"6":{"name":"(anonymous_6)","decl":{"start":{"line":71,"column":3},"end":{"line":71,"column":17}},"loc":{"start":{"line":71,"column":27},"end":{"line":73,"column":null}},"line":71},"7":{"name":"(anonymous_7)","decl":{"start":{"line":75,"column":10},"end":{"line":75,"column":36}},"loc":{"start":{"line":75,"column":36},"end":{"line":79,"column":null}},"line":75}},"branchMap":{"0":{"loc":{"start":{"line":42,"column":6},"end":{"line":42,"column":null}},"type":"binary-expr","locations":[{"start":{"line":42,"column":6},"end":{"line":42,"column":22}},{"start":{"line":42,"column":22},"end":{"line":42,"column":null}}],"line":42},"1":{"loc":{"start":{"line":61,"column":4},"end":{"line":68,"column":null}},"type":"if","locations":[{"start":{"line":61,"column":4},"end":{"line":68,"column":null}},{"start":{},"end":{}}],"line":61},"2":{"loc":{"start":{"line":76,"column":4},"end":{"line":78,"column":null}},"type":"if","locations":[{"start":{"line":76,"column":4},"end":{"line":78,"column":null}},{"start":{},"end":{}}],"line":76}},"s":{"0":1,"1":1,"2":0,"3":2,"4":2,"5":2,"6":1,"7":1,"8":1,"9":1,"10":1,"11":1,"12":1,"13":1,"14":1,"15":0,"16":4,"17":0},"f":{"0":1,"1":0,"2":2,"3":1,"4":1,"5":1,"6":0,"7":4},"b":{"0":[2,2],"1":[1,0],"2":[0,4]},"meta":{"lastBranch":3,"lastFunction":8,"lastStatement":18,"seen":{"s:24:21:24:Infinity":0,"f:26:2:26:16":0,"s:27:4:27:Infinity":1,"f:30:6:30:23":1,"s:31:4:31:Infinity":2,"f:34:2:34:10":2,"s:35:4:35:Infinity":3,"s:36:4:43:Infinity":4,"b:42:6:42:22:42:22:42:Infinity":0,"s:44:4:44:Infinity":5,"f:47:2:47:16":3,"s:48:4:48:Infinity":6,"s:49:4:49:Infinity":7,"s:50:4:50:Infinity":8,"f:53:8:53:12":4,"s:54:4:54:Infinity":9,"s:55:4:55:Infinity":10,"f:60:2:60:18":5,"b:61:4:68:Infinity:undefined:undefined:undefined:undefined":1,"s:61:4:68:Infinity":11,"s:62:6:62:Infinity":12,"s:63:6:67:Infinity":13,"s:64:8:64:Infinity":14,"f:71:3:71:17":6,"s:72:4:72:Infinity":15,"f:75:10:75:36":7,"b:76:4:78:Infinity:undefined:undefined:undefined:undefined":2,"s:76:4:78:Infinity":16,"s:77:6:77:Infinity":17}}}
}
